2023-11-17 01:02:56,016  INFO [173] (BkTask+<>c__DisplayClass12_0:217) - 抓fhy取得淹水警示資料
2023-11-17 01:02:57,877  INFO [173] (BkTask+<>c__DisplayClass12_0:243) - 複合淹水下次執行時間60000毫秒, 最新rain時間0001/1/1 上午 12:00:00
2023-11-17 01:04:00,786  INFO [59] (BkTask+<>c__DisplayClass12_0:217) - 抓fhy取得淹水警示資料
2023-11-17 01:04:00,882  INFO [59] (BkTask+<>c__DisplayClass12_0:243) - 複合淹水下次執行時間60000毫秒, 最新rain時間0001/1/1 上午 12:00:00
2023-11-17 01:05:01,894  INFO [43] (BkTask+<>c__DisplayClass12_0:217) - 抓fhy取得淹水警示資料
2023-11-17 01:05:01,992  INFO [43] (BkTask+<>c__DisplayClass12_0:243) - 複合淹水下次執行時間60000毫秒, 最新rain時間0001/1/1 上午 12:00:00
2023-11-17 10:31:03,421  INFO [43] (BkTask+<>c__DisplayClass12_0:217) - 抓fhy取得淹水警示資料
2023-11-17 10:31:05,238  INFO [43] (BkTask+<>c__DisplayClass12_0:243) - 複合淹水下次執行時間60000毫秒, 最新rain時間0001/1/1 上午 12:00:00
2023-11-17 10:32:05,256  INFO [43] (BkTask+<>c__DisplayClass12_0:217) - 抓fhy取得淹水警示資料
2023-11-17 10:32:05,352  INFO [43] (BkTask+<>c__DisplayClass12_0:243) - 複合淹水下次執行時間60000毫秒, 最新rain時間0001/1/1 上午 12:00:00
2023-11-17 10:33:05,365  INFO [43] (BkTask+<>c__DisplayClass12_0:217) - 抓fhy取得淹水警示資料
2023-11-17 10:33:05,458  INFO [43] (BkTask+<>c__DisplayClass12_0:243) - 複合淹水下次執行時間60000毫秒, 最新rain時間0001/1/1 上午 12:00:00
2023-11-17 10:34:05,474  INFO [145] (BkTask+<>c__DisplayClass12_0:217) - 抓fhy取得淹水警示資料
2023-11-17 10:34:05,564  INFO [145] (BkTask+<>c__DisplayClass12_0:243) - 複合淹水下次執行時間60000毫秒, 最新rain時間0001/1/1 上午 12:00:00
2023-11-17 10:35:05,572  INFO [163] (BkTask+<>c__DisplayClass12_0:217) - 抓fhy取得淹水警示資料
2023-11-17 10:35:05,669  INFO [163] (BkTask+<>c__DisplayClass12_0:243) - 複合淹水下次執行時間60000毫秒, 最新rain時間0001/1/1 上午 12:00:00
2023-11-17 10:35:08,471  INFO [163] (BkTask+<>c__DisplayClass11_0:151) - 啟動計算複合淹水
2023-11-17 10:35:14,678  INFO [163] (BkTask+<>c__DisplayClass11_0:179) - 複合淹水下次執行時間215325毫秒, 最新rain時間2023/11/17 上午 10:28:30
2023-11-17 10:36:05,689  INFO [165] (BkTask+<>c__DisplayClass12_0:217) - 抓fhy取得淹水警示資料
2023-11-17 10:36:05,782  INFO [165] (BkTask+<>c__DisplayClass12_0:243) - 複合淹水下次執行時間60000毫秒, 最新rain時間0001/1/1 上午 12:00:00
2023-11-17 10:37:05,808  INFO [149] (BkTask+<>c__DisplayClass12_0:217) - 抓fhy取得淹水警示資料
2023-11-17 10:37:06,877  INFO [149] (BkTask+<>c__DisplayClass12_0:243) - 複合淹水下次執行時間60000毫秒, 最新rain時間0001/1/1 上午 12:00:00
2023-11-17 10:38:06,887  INFO [149] (BkTask+<>c__DisplayClass12_0:217) - 抓fhy取得淹水警示資料
2023-11-17 10:38:06,997  INFO [149] (BkTask+<>c__DisplayClass12_0:243) - 複合淹水下次執行時間60000毫秒, 最新rain時間0001/1/1 上午 12:00:00
2023-11-17 10:38:50,015  INFO [149] (BkTask+<>c__DisplayClass11_0:151) - 啟動計算複合淹水
2023-11-17 10:38:56,511  INFO [149] (BkTask+<>c__DisplayClass11_0:179) - 複合淹水下次執行時間484492毫秒, 最新rain時間2023/11/17 上午 10:36:41
2023-11-17 10:39:07,019  INFO [140] (BkTask+<>c__DisplayClass12_0:217) - 抓fhy取得淹水警示資料
2023-11-17 10:39:07,161  INFO [140] (BkTask+<>c__DisplayClass12_0:243) - 複合淹水下次執行時間60000毫秒, 最新rain時間0001/1/1 上午 12:00:00
2023-11-17 10:40:07,168  INFO [107] (BkTask+<>c__DisplayClass12_0:217) - 抓fhy取得淹水警示資料
2023-11-17 10:40:07,266  INFO [107] (BkTask+<>c__DisplayClass12_0:243) - 複合淹水下次執行時間60000毫秒, 最新rain時間0001/1/1 上午 12:00:00
2023-11-17 10:41:07,279  INFO [119] (BkTask+<>c__DisplayClass12_0:217) - 抓fhy取得淹水警示資料
2023-11-17 10:41:07,365  INFO [119] (BkTask+<>c__DisplayClass12_0:243) - 複合淹水下次執行時間60000毫秒, 最新rain時間0001/1/1 上午 12:00:00
2023-11-17 10:42:07,372  INFO [110] (BkTask+<>c__DisplayClass12_0:217) - 抓fhy取得淹水警示資料
2023-11-17 10:42:07,453  INFO [110] (BkTask+<>c__DisplayClass12_0:243) - 複合淹水下次執行時間60000毫秒, 最新rain時間0001/1/1 上午 12:00:00
2023-11-17 10:43:07,456  INFO [113] (BkTask+<>c__DisplayClass12_0:217) - 抓fhy取得淹水警示資料
2023-11-17 10:43:07,727  INFO [113] (BkTask+<>c__DisplayClass12_0:243) - 複合淹水下次執行時間60000毫秒, 最新rain時間0001/1/1 上午 12:00:00
2023-11-17 10:44:07,740  INFO [132] (BkTask+<>c__DisplayClass12_0:217) - 抓fhy取得淹水警示資料
2023-11-17 10:44:07,820  INFO [132] (BkTask+<>c__DisplayClass12_0:243) - 複合淹水下次執行時間60000毫秒, 最新rain時間0001/1/1 上午 12:00:00
2023-11-17 10:45:07,833  INFO [132] (BkTask+<>c__DisplayClass12_0:217) - 抓fhy取得淹水警示資料
2023-11-17 10:45:07,935  INFO [132] (BkTask+<>c__DisplayClass12_0:243) - 複合淹水下次執行時間60000毫秒, 最新rain時間0001/1/1 上午 12:00:00
2023-11-17 10:46:07,950  INFO [132] (BkTask+<>c__DisplayClass12_0:217) - 抓fhy取得淹水警示資料
2023-11-17 10:46:08,043  INFO [132] (BkTask+<>c__DisplayClass12_0:243) - 複合淹水下次執行時間60000毫秒, 最新rain時間0001/1/1 上午 12:00:00
2023-11-17 10:47:01,009  INFO [111] (BkTask+<>c__DisplayClass11_0:151) - 啟動計算複合淹水
2023-11-17 10:47:04,929  INFO [111] (BkTask+<>c__DisplayClass11_0:179) - 複合淹水下次執行時間607074毫秒, 最新rain時間2023/11/17 上午 10:46:52
2023-11-17 10:47:08,066  INFO [132] (BkTask+<>c__DisplayClass12_0:217) - 抓fhy取得淹水警示資料
2023-11-17 10:47:08,165  INFO [132] (BkTask+<>c__DisplayClass12_0:243) - 複合淹水下次執行時間60000毫秒, 最新rain時間0001/1/1 上午 12:00:00
2023-11-17 10:48:08,184  INFO [111] (BkTask+<>c__DisplayClass12_0:217) - 抓fhy取得淹水警示資料
2023-11-17 10:48:08,282  INFO [111] (BkTask+<>c__DisplayClass12_0:243) - 複合淹水下次執行時間60000毫秒, 最新rain時間0001/1/1 上午 12:00:00
2023-11-17 10:49:08,296  INFO [111] (BkTask+<>c__DisplayClass12_0:217) - 抓fhy取得淹水警示資料
2023-11-17 10:49:08,394  INFO [111] (BkTask+<>c__DisplayClass12_0:243) - 複合淹水下次執行時間60000毫秒, 最新rain時間0001/1/1 上午 12:00:00
2023-11-17 10:50:08,398  INFO [111] (BkTask+<>c__DisplayClass12_0:217) - 抓fhy取得淹水警示資料
2023-11-17 10:50:08,492  INFO [111] (BkTask+<>c__DisplayClass12_0:243) - 複合淹水下次執行時間60000毫秒, 最新rain時間0001/1/1 上午 12:00:00
2023-11-17 10:51:08,497  INFO [111] (BkTask+<>c__DisplayClass12_0:217) - 抓fhy取得淹水警示資料
2023-11-17 10:51:08,600  INFO [111] (BkTask+<>c__DisplayClass12_0:243) - 複合淹水下次執行時間60000毫秒, 最新rain時間0001/1/1 上午 12:00:00
2023-11-17 10:52:08,618  INFO [94] (BkTask+<>c__DisplayClass12_0:217) - 抓fhy取得淹水警示資料
2023-11-17 10:52:08,710  INFO [94] (BkTask+<>c__DisplayClass12_0:243) - 複合淹水下次執行時間60000毫秒, 最新rain時間0001/1/1 上午 12:00:00
2023-11-17 10:53:08,718  INFO [158] (BkTask+<>c__DisplayClass12_0:217) - 抓fhy取得淹水警示資料
2023-11-17 10:53:08,818  INFO [158] (BkTask+<>c__DisplayClass12_0:243) - 複合淹水下次執行時間60000毫秒, 最新rain時間0001/1/1 上午 12:00:00
2023-11-17 10:54:08,834  INFO [183] (BkTask+<>c__DisplayClass12_0:217) - 抓fhy取得淹水警示資料
2023-11-17 10:54:08,925  INFO [183] (BkTask+<>c__DisplayClass12_0:243) - 複合淹水下次執行時間60000毫秒, 最新rain時間0001/1/1 上午 12:00:00
2023-11-17 10:55:08,934  INFO [183] (BkTask+<>c__DisplayClass12_0:217) - 抓fhy取得淹水警示資料
2023-11-17 10:55:09,045  INFO [183] (BkTask+<>c__DisplayClass12_0:243) - 複合淹水下次執行時間60000毫秒, 最新rain時間0001/1/1 上午 12:00:00
2023-11-17 10:56:09,060  INFO [168] (BkTask+<>c__DisplayClass12_0:217) - 抓fhy取得淹水警示資料
2023-11-17 10:56:09,155  INFO [168] (BkTask+<>c__DisplayClass12_0:243) - 複合淹水下次執行時間60000毫秒, 最新rain時間0001/1/1 上午 12:00:00
2023-11-17 10:57:09,168  INFO [168] (BkTask+<>c__DisplayClass12_0:217) - 抓fhy取得淹水警示資料
2023-11-17 10:57:09,268  INFO [168] (BkTask+<>c__DisplayClass12_0:243) - 複合淹水下次執行時間60000毫秒, 最新rain時間0001/1/1 上午 12:00:00
2023-11-17 10:57:12,019  INFO [166] (BkTask+<>c__DisplayClass11_0:151) - 啟動計算複合淹水
2023-11-17 10:57:16,571  INFO [166] (BkTask+<>c__DisplayClass11_0:179) - 複合淹水下次執行時間605432毫秒, 最新rain時間2023/11/17 上午 10:57:02
2023-11-17 10:58:09,278  INFO [62] (BkTask+<>c__DisplayClass12_0:217) - 抓fhy取得淹水警示資料
2023-11-17 10:58:09,376  INFO [62] (BkTask+<>c__DisplayClass12_0:243) - 複合淹水下次執行時間60000毫秒, 最新rain時間0001/1/1 上午 12:00:00
2023-11-17 10:59:09,402  INFO [181] (BkTask+<>c__DisplayClass12_0:217) - 抓fhy取得淹水警示資料
2023-11-17 10:59:09,511  INFO [181] (BkTask+<>c__DisplayClass12_0:243) - 複合淹水下次執行時間60000毫秒, 最新rain時間0001/1/1 上午 12:00:00
2023-11-17 11:00:09,524  INFO [181] (BkTask+<>c__DisplayClass12_0:217) - 抓fhy取得淹水警示資料
2023-11-17 11:00:09,619  INFO [181] (BkTask+<>c__DisplayClass12_0:243) - 複合淹水下次執行時間60000毫秒, 最新rain時間0001/1/1 上午 12:00:00
2023-11-17 11:01:09,627  INFO [181] (BkTask+<>c__DisplayClass12_0:217) - 抓fhy取得淹水警示資料
2023-11-17 11:01:09,724  INFO [181] (BkTask+<>c__DisplayClass12_0:243) - 複合淹水下次執行時間60000毫秒, 最新rain時間0001/1/1 上午 12:00:00
2023-11-17 11:02:09,737  INFO [181] (BkTask+<>c__DisplayClass12_0:217) - 抓fhy取得淹水警示資料
2023-11-17 11:02:09,832  INFO [181] (BkTask+<>c__DisplayClass12_0:243) - 複合淹水下次執行時間60000毫秒, 最新rain時間0001/1/1 上午 12:00:00
2023-11-17 11:03:09,846  INFO [57] (BkTask+<>c__DisplayClass12_0:217) - 抓fhy取得淹水警示資料
2023-11-17 11:03:09,979  INFO [57] (BkTask+<>c__DisplayClass12_0:243) - 複合淹水下次執行時間60000毫秒, 最新rain時間0001/1/1 上午 12:00:00
2023-11-17 11:04:09,987  INFO [57] (BkTask+<>c__DisplayClass12_0:217) - 抓fhy取得淹水警示資料
2023-11-17 11:04:10,079  INFO [57] (BkTask+<>c__DisplayClass12_0:243) - 複合淹水下次執行時間60000毫秒, 最新rain時間0001/1/1 上午 12:00:00
2023-11-17 11:05:10,086  INFO [57] (BkTask+<>c__DisplayClass12_0:217) - 抓fhy取得淹水警示資料
2023-11-17 11:05:10,201  INFO [57] (BkTask+<>c__DisplayClass12_0:243) - 複合淹水下次執行時間60000毫秒, 最新rain時間0001/1/1 上午 12:00:00
2023-11-17 11:06:10,226  INFO [57] (BkTask+<>c__DisplayClass12_0:217) - 抓fhy取得淹水警示資料
2023-11-17 11:06:10,322  INFO [57] (BkTask+<>c__DisplayClass12_0:243) - 複合淹水下次執行時間60000毫秒, 最新rain時間0001/1/1 上午 12:00:00
2023-11-17 11:07:10,331  INFO [57] (BkTask+<>c__DisplayClass12_0:217) - 抓fhy取得淹水警示資料
2023-11-17 11:07:10,428  INFO [57] (BkTask+<>c__DisplayClass12_0:243) - 複合淹水下次執行時間60000毫秒, 最新rain時間0001/1/1 上午 12:00:00
2023-11-17 11:07:22,009  INFO [57] (BkTask+<>c__DisplayClass11_0:151) - 啟動計算複合淹水
2023-11-17 11:07:26,644  INFO [57] (BkTask+<>c__DisplayClass11_0:179) - 複合淹水下次執行時間545360毫秒, 最新rain時間2023/11/17 上午 11:06:12
2023-11-17 11:08:10,438  INFO [57] (BkTask+<>c__DisplayClass12_0:217) - 抓fhy取得淹水警示資料
2023-11-17 11:08:10,540  INFO [57] (BkTask+<>c__DisplayClass12_0:243) - 複合淹水下次執行時間60000毫秒, 最新rain時間0001/1/1 上午 12:00:00
2023-11-17 11:09:10,544  INFO [57] (BkTask+<>c__DisplayClass12_0:217) - 抓fhy取得淹水警示資料
2023-11-17 11:09:10,636  INFO [57] (BkTask+<>c__DisplayClass12_0:243) - 複合淹水下次執行時間60000毫秒, 最新rain時間0001/1/1 上午 12:00:00
2023-11-17 11:10:10,642  INFO [53] (BkTask+<>c__DisplayClass12_0:217) - 抓fhy取得淹水警示資料
2023-11-17 11:10:10,744  INFO [53] (BkTask+<>c__DisplayClass12_0:243) - 複合淹水下次執行時間60000毫秒, 最新rain時間0001/1/1 上午 12:00:00
2023-11-17 11:11:10,752  INFO [53] (BkTask+<>c__DisplayClass12_0:217) - 抓fhy取得淹水警示資料
2023-11-17 11:11:10,857  INFO [53] (BkTask+<>c__DisplayClass12_0:243) - 複合淹水下次執行時間60000毫秒, 最新rain時間0001/1/1 上午 12:00:00
2023-11-17 11:12:10,864  INFO [23] (BkTask+<>c__DisplayClass12_0:217) - 抓fhy取得淹水警示資料
2023-11-17 11:12:10,987  INFO [23] (BkTask+<>c__DisplayClass12_0:243) - 複合淹水下次執行時間60000毫秒, 最新rain時間0001/1/1 上午 12:00:00
2023-11-17 11:13:10,995  INFO [23] (BkTask+<>c__DisplayClass12_0:217) - 抓fhy取得淹水警示資料
2023-11-17 11:13:11,113  INFO [23] (BkTask+<>c__DisplayClass12_0:243) - 複合淹水下次執行時間60000毫秒, 最新rain時間0001/1/1 上午 12:00:00
2023-11-17 11:14:11,129  INFO [23] (BkTask+<>c__DisplayClass12_0:217) - 抓fhy取得淹水警示資料
2023-11-17 11:14:11,225  INFO [23] (BkTask+<>c__DisplayClass12_0:243) - 複合淹水下次執行時間60000毫秒, 最新rain時間0001/1/1 上午 12:00:00
2023-11-17 11:15:11,240  INFO [32] (BkTask+<>c__DisplayClass12_0:217) - 抓fhy取得淹水警示資料
2023-11-17 11:15:11,333  INFO [32] (BkTask+<>c__DisplayClass12_0:243) - 複合淹水下次執行時間60000毫秒, 最新rain時間0001/1/1 上午 12:00:00
2023-11-17 11:16:11,344  INFO [32] (BkTask+<>c__DisplayClass12_0:217) - 抓fhy取得淹水警示資料
2023-11-17 11:16:11,449  INFO [32] (BkTask+<>c__DisplayClass12_0:243) - 複合淹水下次執行時間60000毫秒, 最新rain時間0001/1/1 上午 12:00:00
2023-11-17 11:16:32,013  INFO [36] (BkTask+<>c__DisplayClass11_0:151) - 啟動計算複合淹水
2023-11-17 11:16:36,425  INFO [36] (BkTask+<>c__DisplayClass11_0:179) - 複合淹水下次執行時間607576毫秒, 最新rain時間2023/11/17 上午 11:16:24
2023-11-17 11:17:11,457  INFO [36] (BkTask+<>c__DisplayClass12_0:217) - 抓fhy取得淹水警示資料
2023-11-17 11:17:14,554  INFO [36] (BkTask+<>c__DisplayClass12_0:243) - 複合淹水下次執行時間60000毫秒, 最新rain時間0001/1/1 上午 12:00:00
2023-11-17 11:18:14,563  INFO [139] (BkTask+<>c__DisplayClass12_0:217) - 抓fhy取得淹水警示資料
2023-11-17 11:18:14,652  INFO [139] (BkTask+<>c__DisplayClass12_0:243) - 複合淹水下次執行時間60000毫秒, 最新rain時間0001/1/1 上午 12:00:00
2023-11-17 11:19:14,665  INFO [139] (BkTask+<>c__DisplayClass12_0:217) - 抓fhy取得淹水警示資料
2023-11-17 11:19:14,771  INFO [139] (BkTask+<>c__DisplayClass12_0:243) - 複合淹水下次執行時間60000毫秒, 最新rain時間0001/1/1 上午 12:00:00
2023-11-17 11:20:14,784  INFO [134] (BkTask+<>c__DisplayClass12_0:217) - 抓fhy取得淹水警示資料
2023-11-17 11:20:14,879  INFO [134] (BkTask+<>c__DisplayClass12_0:243) - 複合淹水下次執行時間60000毫秒, 最新rain時間0001/1/1 上午 12:00:00
2023-11-17 11:21:14,899  INFO [180] (BkTask+<>c__DisplayClass12_0:217) - 抓fhy取得淹水警示資料
2023-11-17 11:21:14,998  INFO [180] (BkTask+<>c__DisplayClass12_0:243) - 複合淹水下次執行時間60000毫秒, 最新rain時間0001/1/1 上午 12:00:00
2023-11-17 11:22:15,014  INFO [177] (BkTask+<>c__DisplayClass12_0:217) - 抓fhy取得淹水警示資料
2023-11-17 11:22:15,108  INFO [177] (BkTask+<>c__DisplayClass12_0:243) - 複合淹水下次執行時間60000毫秒, 最新rain時間0001/1/1 上午 12:00:00
2023-11-17 11:23:15,114  INFO [16] (BkTask+<>c__DisplayClass12_0:217) - 抓fhy取得淹水警示資料
2023-11-17 11:23:15,216  INFO [16] (BkTask+<>c__DisplayClass12_0:243) - 複合淹水下次執行時間60000毫秒, 最新rain時間0001/1/1 上午 12:00:00
2023-11-17 11:24:15,228  INFO [16] (BkTask+<>c__DisplayClass12_0:217) - 抓fhy取得淹水警示資料
2023-11-17 11:24:15,329  INFO [16] (BkTask+<>c__DisplayClass12_0:243) - 複合淹水下次執行時間60000毫秒, 最新rain時間0001/1/1 上午 12:00:00
2023-11-17 11:25:15,354  INFO [93] (BkTask+<>c__DisplayClass12_0:217) - 抓fhy取得淹水警示資料
2023-11-17 11:25:15,446  INFO [93] (BkTask+<>c__DisplayClass12_0:243) - 複合淹水下次執行時間60000毫秒, 最新rain時間0001/1/1 上午 12:00:00
2023-11-17 11:26:15,451  INFO [16] (BkTask+<>c__DisplayClass12_0:217) - 抓fhy取得淹水警示資料
2023-11-17 11:26:15,567  INFO [16] (BkTask+<>c__DisplayClass12_0:243) - 複合淹水下次執行時間60000毫秒, 最新rain時間0001/1/1 上午 12:00:00
2023-11-17 11:26:44,005  INFO [16] (BkTask+<>c__DisplayClass11_0:151) - 啟動計算複合淹水
2023-11-17 11:26:48,286  INFO [16] (BkTask+<>c__DisplayClass11_0:179) - 複合淹水下次執行時間605716毫秒, 最新rain時間2023/11/17 上午 11:26:34
2023-11-17 11:27:15,576  INFO [16] (BkTask+<>c__DisplayClass12_0:217) - 抓fhy取得淹水警示資料
2023-11-17 11:27:15,682  INFO [16] (BkTask+<>c__DisplayClass12_0:243) - 複合淹水下次執行時間60000毫秒, 最新rain時間0001/1/1 上午 12:00:00
2023-11-17 11:28:15,687  INFO [76] (BkTask+<>c__DisplayClass12_0:217) - 抓fhy取得淹水警示資料
2023-11-17 11:28:15,783  INFO [76] (BkTask+<>c__DisplayClass12_0:243) - 複合淹水下次執行時間60000毫秒, 最新rain時間0001/1/1 上午 12:00:00
2023-11-17 11:29:15,806  INFO [76] (BkTask+<>c__DisplayClass12_0:217) - 抓fhy取得淹水警示資料
2023-11-17 11:29:22,209  INFO [76] (BkTask+<>c__DisplayClass12_0:243) - 複合淹水下次執行時間60000毫秒, 最新rain時間0001/1/1 上午 12:00:00
2023-11-17 11:30:22,229  INFO [171] (BkTask+<>c__DisplayClass12_0:217) - 抓fhy取得淹水警示資料
2023-11-17 11:30:22,319  INFO [171] (BkTask+<>c__DisplayClass12_0:243) - 複合淹水下次執行時間60000毫秒, 最新rain時間0001/1/1 上午 12:00:00
2023-11-17 11:31:22,327  INFO [171] (BkTask+<>c__DisplayClass12_0:217) - 抓fhy取得淹水警示資料
2023-11-17 11:31:24,122  INFO [171] (BkTask+<>c__DisplayClass12_0:243) - 複合淹水下次執行時間60000毫秒, 最新rain時間0001/1/1 上午 12:00:00
2023-11-17 11:32:24,126  INFO [51] (BkTask+<>c__DisplayClass12_0:217) - 抓fhy取得淹水警示資料
2023-11-17 11:32:24,221  INFO [51] (BkTask+<>c__DisplayClass12_0:243) - 複合淹水下次執行時間60000毫秒, 最新rain時間0001/1/1 上午 12:00:00
2023-11-17 11:33:24,240  INFO [57] (BkTask+<>c__DisplayClass12_0:217) - 抓fhy取得淹水警示資料
2023-11-17 11:33:24,341  INFO [57] (BkTask+<>c__DisplayClass12_0:243) - 複合淹水下次執行時間60000毫秒, 最新rain時間0001/1/1 上午 12:00:00
2023-11-17 11:34:24,359  INFO [65] (BkTask+<>c__DisplayClass12_0:217) - 抓fhy取得淹水警示資料
2023-11-17 11:34:24,459  INFO [65] (BkTask+<>c__DisplayClass12_0:243) - 複合淹水下次執行時間60000毫秒, 最新rain時間0001/1/1 上午 12:00:00
2023-11-17 11:35:24,479  INFO [166] (BkTask+<>c__DisplayClass12_0:217) - 抓fhy取得淹水警示資料
2023-11-17 11:35:24,575  INFO [166] (BkTask+<>c__DisplayClass12_0:243) - 複合淹水下次執行時間60000毫秒, 最新rain時間0001/1/1 上午 12:00:00
2023-11-17 11:36:24,597  INFO [43] (BkTask+<>c__DisplayClass12_0:217) - 抓fhy取得淹水警示資料
2023-11-17 11:36:24,695  INFO [43] (BkTask+<>c__DisplayClass12_0:243) - 複合淹水下次執行時間60000毫秒, 最新rain時間0001/1/1 上午 12:00:00
2023-11-17 11:36:54,015  INFO [43] (BkTask+<>c__DisplayClass11_0:151) - 啟動計算複合淹水
2023-11-17 11:36:58,978  INFO [43] (BkTask+<>c__DisplayClass11_0:179) - 複合淹水下次執行時間605026毫秒, 最新rain時間2023/11/17 上午 11:36:44
2023-11-17 11:37:24,704  INFO [151] (BkTask+<>c__DisplayClass12_0:217) - 抓fhy取得淹水警示資料
2023-11-17 11:37:24,820  INFO [151] (BkTask+<>c__DisplayClass12_0:243) - 複合淹水下次執行時間60000毫秒, 最新rain時間0001/1/1 上午 12:00:00
2023-11-17 11:38:24,827  INFO [149] (BkTask+<>c__DisplayClass12_0:217) - 抓fhy取得淹水警示資料
2023-11-17 11:38:24,923  INFO [149] (BkTask+<>c__DisplayClass12_0:243) - 複合淹水下次執行時間60000毫秒, 最新rain時間0001/1/1 上午 12:00:00
2023-11-17 11:39:24,934  INFO [170] (BkTask+<>c__DisplayClass12_0:217) - 抓fhy取得淹水警示資料
2023-11-17 11:39:25,040  INFO [170] (BkTask+<>c__DisplayClass12_0:243) - 複合淹水下次執行時間60000毫秒, 最新rain時間0001/1/1 上午 12:00:00
2023-11-17 11:40:25,054  INFO [111] (BkTask+<>c__DisplayClass12_0:217) - 抓fhy取得淹水警示資料
2023-11-17 11:40:25,175  INFO [111] (BkTask+<>c__DisplayClass12_0:243) - 複合淹水下次執行時間60000毫秒, 最新rain時間0001/1/1 上午 12:00:00
2023-11-17 11:41:25,177  INFO [170] (BkTask+<>c__DisplayClass12_0:217) - 抓fhy取得淹水警示資料
2023-11-17 11:41:25,382  INFO [170] (BkTask+<>c__DisplayClass12_0:243) - 複合淹水下次執行時間60000毫秒, 最新rain時間0001/1/1 上午 12:00:00
2023-11-17 11:42:25,401  INFO [100] (BkTask+<>c__DisplayClass12_0:217) - 抓fhy取得淹水警示資料
2023-11-17 11:42:25,505  INFO [100] (BkTask+<>c__DisplayClass12_0:243) - 複合淹水下次執行時間60000毫秒, 最新rain時間0001/1/1 上午 12:00:00
2023-11-17 11:43:25,526  INFO [106] (BkTask+<>c__DisplayClass12_0:217) - 抓fhy取得淹水警示資料
2023-11-17 11:43:25,626  INFO [106] (BkTask+<>c__DisplayClass12_0:243) - 複合淹水下次執行時間60000毫秒, 最新rain時間0001/1/1 上午 12:00:00
2023-11-17 11:44:25,643  INFO [106] (BkTask+<>c__DisplayClass12_0:217) - 抓fhy取得淹水警示資料
2023-11-17 11:44:25,739  INFO [106] (BkTask+<>c__DisplayClass12_0:243) - 複合淹水下次執行時間60000毫秒, 最新rain時間0001/1/1 上午 12:00:00
2023-11-17 11:45:25,751  INFO [190] (BkTask+<>c__DisplayClass12_0:217) - 抓fhy取得淹水警示資料
2023-11-17 11:45:25,843  INFO [190] (BkTask+<>c__DisplayClass12_0:243) - 複合淹水下次執行時間60000毫秒, 最新rain時間0001/1/1 上午 12:00:00
2023-11-17 11:46:25,855  INFO [64] (BkTask+<>c__DisplayClass12_0:217) - 抓fhy取得淹水警示資料
2023-11-17 11:46:25,954  INFO [64] (BkTask+<>c__DisplayClass12_0:243) - 複合淹水下次執行時間60000毫秒, 最新rain時間0001/1/1 上午 12:00:00
2023-11-17 11:47:04,020  INFO [38] (BkTask+<>c__DisplayClass11_0:151) - 啟動計算複合淹水
2023-11-17 11:47:08,911  INFO [38] (BkTask+<>c__DisplayClass11_0:179) - 複合淹水下次執行時間607092毫秒, 最新rain時間2023/11/17 上午 11:46:56
2023-11-17 11:47:25,973  INFO [121] (BkTask+<>c__DisplayClass12_0:217) - 抓fhy取得淹水警示資料
2023-11-17 11:47:26,064  INFO [121] (BkTask+<>c__DisplayClass12_0:243) - 複合淹水下次執行時間60000毫秒, 最新rain時間0001/1/1 上午 12:00:00
2023-11-17 11:48:26,076  INFO [38] (BkTask+<>c__DisplayClass12_0:217) - 抓fhy取得淹水警示資料
2023-11-17 11:48:26,176  INFO [38] (BkTask+<>c__DisplayClass12_0:243) - 複合淹水下次執行時間60000毫秒, 最新rain時間0001/1/1 上午 12:00:00
2023-11-17 11:49:26,191  INFO [38] (BkTask+<>c__DisplayClass12_0:217) - 抓fhy取得淹水警示資料
2023-11-17 11:49:26,282  INFO [38] (BkTask+<>c__DisplayClass12_0:243) - 複合淹水下次執行時間60000毫秒, 最新rain時間0001/1/1 上午 12:00:00
2023-11-17 11:50:26,296  INFO [38] (BkTask+<>c__DisplayClass12_0:217) - 抓fhy取得淹水警示資料
2023-11-17 11:50:26,386  INFO [38] (BkTask+<>c__DisplayClass12_0:243) - 複合淹水下次執行時間60000毫秒, 最新rain時間0001/1/1 上午 12:00:00
2023-11-17 11:51:26,397  INFO [38] (BkTask+<>c__DisplayClass12_0:217) - 抓fhy取得淹水警示資料
2023-11-17 11:51:26,493  INFO [38] (BkTask+<>c__DisplayClass12_0:243) - 複合淹水下次執行時間60000毫秒, 最新rain時間0001/1/1 上午 12:00:00
2023-11-17 11:52:26,509  INFO [38] (BkTask+<>c__DisplayClass12_0:217) - 抓fhy取得淹水警示資料
2023-11-17 11:52:26,603  INFO [38] (BkTask+<>c__DisplayClass12_0:243) - 複合淹水下次執行時間60000毫秒, 最新rain時間0001/1/1 上午 12:00:00
2023-11-17 11:53:26,617  INFO [116] (BkTask+<>c__DisplayClass12_0:217) - 抓fhy取得淹水警示資料
2023-11-17 11:53:26,716  INFO [116] (BkTask+<>c__DisplayClass12_0:243) - 複合淹水下次執行時間60000毫秒, 最新rain時間0001/1/1 上午 12:00:00
2023-11-17 11:54:26,722  INFO [116] (BkTask+<>c__DisplayClass12_0:217) - 抓fhy取得淹水警示資料
2023-11-17 11:54:26,839  INFO [116] (BkTask+<>c__DisplayClass12_0:243) - 複合淹水下次執行時間60000毫秒, 最新rain時間0001/1/1 上午 12:00:00
2023-11-17 11:55:26,847  INFO [142] (BkTask+<>c__DisplayClass12_0:217) - 抓fhy取得淹水警示資料
2023-11-17 11:55:26,951  INFO [142] (BkTask+<>c__DisplayClass12_0:243) - 複合淹水下次執行時間60000毫秒, 最新rain時間0001/1/1 上午 12:00:00
2023-11-17 11:56:26,967  INFO [142] (BkTask+<>c__DisplayClass12_0:217) - 抓fhy取得淹水警示資料
2023-11-17 11:56:27,059  INFO [142] (BkTask+<>c__DisplayClass12_0:243) - 複合淹水下次執行時間60000毫秒, 最新rain時間0001/1/1 上午 12:00:00
2023-11-17 11:57:16,028  INFO [58] (BkTask+<>c__DisplayClass11_0:151) - 啟動計算複合淹水
2023-11-17 11:57:16,272  INFO [58] (BkTask+<>c__DisplayClass11_0:179) - 複合淹水下次執行時間60000毫秒, 最新rain時間2023/11/17 上午 11:46:56
2023-11-17 11:57:27,066  INFO [149] (BkTask+<>c__DisplayClass12_0:217) - 抓fhy取得淹水警示資料
2023-11-17 11:57:27,453  INFO [149] (BkTask+<>c__DisplayClass12_0:243) - 複合淹水下次執行時間60000毫秒, 最新rain時間0001/1/1 上午 12:00:00
2023-11-17 11:58:16,280  INFO [166] (BkTask+<>c__DisplayClass11_0:151) - 啟動計算複合淹水
2023-11-17 11:58:20,835  INFO [166] (BkTask+<>c__DisplayClass11_0:179) - 複合淹水下次執行時間607169毫秒, 最新rain時間2023/11/17 上午 11:58:08
2023-11-17 11:58:27,470  INFO [183] (BkTask+<>c__DisplayClass12_0:217) - 抓fhy取得淹水警示資料
2023-11-17 11:58:27,564  INFO [183] (BkTask+<>c__DisplayClass12_0:243) - 複合淹水下次執行時間60000毫秒, 最新rain時間0001/1/1 上午 12:00:00
2023-11-17 11:59:27,587  INFO [183] (BkTask+<>c__DisplayClass12_0:217) - 抓fhy取得淹水警示資料
2023-11-17 11:59:27,680  INFO [183] (BkTask+<>c__DisplayClass12_0:243) - 複合淹水下次執行時間60000毫秒, 最新rain時間0001/1/1 上午 12:00:00
2023-11-17 12:00:27,698  INFO [179] (BkTask+<>c__DisplayClass12_0:217) - 抓fhy取得淹水警示資料
2023-11-17 12:00:27,794  INFO [179] (BkTask+<>c__DisplayClass12_0:243) - 複合淹水下次執行時間60000毫秒, 最新rain時間0001/1/1 上午 12:00:00
2023-11-17 12:01:27,810  INFO [135] (BkTask+<>c__DisplayClass12_0:217) - 抓fhy取得淹水警示資料
2023-11-17 12:01:27,903  INFO [135] (BkTask+<>c__DisplayClass12_0:243) - 複合淹水下次執行時間60000毫秒, 最新rain時間0001/1/1 上午 12:00:00
2023-11-17 12:02:27,919  INFO [135] (BkTask+<>c__DisplayClass12_0:217) - 抓fhy取得淹水警示資料
2023-11-17 12:02:28,008  INFO [135] (BkTask+<>c__DisplayClass12_0:243) - 複合淹水下次執行時間60000毫秒, 最新rain時間0001/1/1 上午 12:00:00
2023-11-17 12:03:28,012  INFO [135] (BkTask+<>c__DisplayClass12_0:217) - 抓fhy取得淹水警示資料
2023-11-17 12:03:28,103  INFO [135] (BkTask+<>c__DisplayClass12_0:243) - 複合淹水下次執行時間60000毫秒, 最新rain時間0001/1/1 上午 12:00:00
2023-11-17 12:04:28,116  INFO [173] (BkTask+<>c__DisplayClass12_0:217) - 抓fhy取得淹水警示資料
2023-11-17 12:04:28,222  INFO [173] (BkTask+<>c__DisplayClass12_0:243) - 複合淹水下次執行時間60000毫秒, 最新rain時間0001/1/1 上午 12:00:00
2023-11-17 12:05:28,234  INFO [173] (BkTask+<>c__DisplayClass12_0:217) - 抓fhy取得淹水警示資料
2023-11-17 12:05:28,345  INFO [173] (BkTask+<>c__DisplayClass12_0:243) - 複合淹水下次執行時間60000毫秒, 最新rain時間0001/1/1 上午 12:00:00
2023-11-17 12:06:28,356  INFO [103] (BkTask+<>c__DisplayClass12_0:217) - 抓fhy取得淹水警示資料
2023-11-17 12:06:28,453  INFO [103] (BkTask+<>c__DisplayClass12_0:243) - 複合淹水下次執行時間60000毫秒, 最新rain時間0001/1/1 上午 12:00:00
2023-11-17 12:07:28,468  INFO [103] (BkTask+<>c__DisplayClass12_0:217) - 抓fhy取得淹水警示資料
2023-11-17 12:07:28,564  INFO [103] (BkTask+<>c__DisplayClass12_0:243) - 複合淹水下次執行時間60000毫秒, 最新rain時間0001/1/1 上午 12:00:00
2023-11-17 12:08:28,021  INFO [103] (BkTask+<>c__DisplayClass11_0:151) - 啟動計算複合淹水
2023-11-17 12:08:28,575  INFO [72] (BkTask+<>c__DisplayClass12_0:217) - 抓fhy取得淹水警示資料
2023-11-17 12:08:28,672  INFO [72] (BkTask+<>c__DisplayClass12_0:243) - 複合淹水下次執行時間60000毫秒, 最新rain時間0001/1/1 上午 12:00:00
2023-11-17 12:08:32,416  INFO [103] (BkTask+<>c__DisplayClass11_0:179) - 複合淹水下次執行時間482585毫秒, 最新rain時間2023/11/17 下午 12:06:15
2023-11-17 12:09:28,695  INFO [86] (BkTask+<>c__DisplayClass12_0:217) - 抓fhy取得淹水警示資料
2023-11-17 12:09:28,872  INFO [86] (BkTask+<>c__DisplayClass12_0:243) - 複合淹水下次執行時間60000毫秒, 最新rain時間0001/1/1 上午 12:00:00
2023-11-17 12:10:28,887  INFO [78] (BkTask+<>c__DisplayClass12_0:217) - 抓fhy取得淹水警示資料
2023-11-17 12:10:28,982  INFO [78] (BkTask+<>c__DisplayClass12_0:243) - 複合淹水下次執行時間60000毫秒, 最新rain時間0001/1/1 上午 12:00:00
2023-11-17 12:11:28,991  INFO [93] (BkTask+<>c__DisplayClass12_0:217) - 抓fhy取得淹水警示資料
2023-11-17 12:11:29,084  INFO [93] (BkTask+<>c__DisplayClass12_0:243) - 複合淹水下次執行時間60000毫秒, 最新rain時間0001/1/1 上午 12:00:00
2023-11-17 12:12:29,101  INFO [93] (BkTask+<>c__DisplayClass12_0:217) - 抓fhy取得淹水警示資料
2023-11-17 12:12:29,202  INFO [93] (BkTask+<>c__DisplayClass12_0:243) - 複合淹水下次執行時間60000毫秒, 最新rain時間0001/1/1 上午 12:00:00
2023-11-17 12:13:29,220  INFO [93] (BkTask+<>c__DisplayClass12_0:217) - 抓fhy取得淹水警示資料
2023-11-17 12:13:29,315  INFO [93] (BkTask+<>c__DisplayClass12_0:243) - 複合淹水下次執行時間60000毫秒, 最新rain時間0001/1/1 上午 12:00:00
2023-11-17 12:14:29,333  INFO [87] (BkTask+<>c__DisplayClass12_0:217) - 抓fhy取得淹水警示資料
2023-11-17 12:14:29,428  INFO [87] (BkTask+<>c__DisplayClass12_0:243) - 複合淹水下次執行時間60000毫秒, 最新rain時間0001/1/1 上午 12:00:00
2023-11-17 12:15:29,440  INFO [87] (BkTask+<>c__DisplayClass12_0:217) - 抓fhy取得淹水警示資料
2023-11-17 12:15:29,557  INFO [87] (BkTask+<>c__DisplayClass12_0:243) - 複合淹水下次執行時間60000毫秒, 最新rain時間0001/1/1 上午 12:00:00
2023-11-17 12:16:29,572  INFO [87] (BkTask+<>c__DisplayClass12_0:217) - 抓fhy取得淹水警示資料
2023-11-17 12:16:29,675  INFO [87] (BkTask+<>c__DisplayClass12_0:243) - 複合淹水下次執行時間60000毫秒, 最新rain時間0001/1/1 上午 12:00:00
2023-11-17 12:16:35,015  INFO [87] (BkTask+<>c__DisplayClass11_0:151) - 啟動計算複合淹水
2023-11-17 12:16:40,051  INFO [87] (BkTask+<>c__DisplayClass11_0:179) - 複合淹水下次執行時間605951毫秒, 最新rain時間2023/11/17 下午 12:16:26
2023-11-17 12:17:29,695  INFO [14] (BkTask+<>c__DisplayClass12_0:217) - 抓fhy取得淹水警示資料
2023-11-17 12:17:29,800  INFO [14] (BkTask+<>c__DisplayClass12_0:243) - 複合淹水下次執行時間60000毫秒, 最新rain時間0001/1/1 上午 12:00:00
2023-11-17 12:18:29,818  INFO [14] (BkTask+<>c__DisplayClass12_0:217) - 抓fhy取得淹水警示資料
2023-11-17 12:18:29,913  INFO [14] (BkTask+<>c__DisplayClass12_0:243) - 複合淹水下次執行時間60000毫秒, 最新rain時間0001/1/1 上午 12:00:00
2023-11-17 12:19:29,919  INFO [14] (BkTask+<>c__DisplayClass12_0:217) - 抓fhy取得淹水警示資料
2023-11-17 12:19:30,246  INFO [14] (BkTask+<>c__DisplayClass12_0:243) - 複合淹水下次執行時間60000毫秒, 最新rain時間0001/1/1 上午 12:00:00
2023-11-17 12:20:30,258  INFO [14] (BkTask+<>c__DisplayClass12_0:217) - 抓fhy取得淹水警示資料
2023-11-17 12:20:30,615  INFO [14] (BkTask+<>c__DisplayClass12_0:243) - 複合淹水下次執行時間60000毫秒, 最新rain時間0001/1/1 上午 12:00:00
2023-11-17 12:21:30,633  INFO [29] (BkTask+<>c__DisplayClass12_0:217) - 抓fhy取得淹水警示資料
2023-11-17 12:21:30,746  INFO [29] (BkTask+<>c__DisplayClass12_0:243) - 複合淹水下次執行時間60000毫秒, 最新rain時間0001/1/1 上午 12:00:00
2023-11-17 12:22:30,753  INFO [29] (BkTask+<>c__DisplayClass12_0:217) - 抓fhy取得淹水警示資料
2023-11-17 12:22:34,130  INFO [29] (BkTask+<>c__DisplayClass12_0:243) - 複合淹水下次執行時間60000毫秒, 最新rain時間0001/1/1 上午 12:00:00
2023-11-17 12:23:34,149  INFO [15] (BkTask+<>c__DisplayClass12_0:217) - 抓fhy取得淹水警示資料
2023-11-17 12:23:34,262  INFO [15] (BkTask+<>c__DisplayClass12_0:243) - 複合淹水下次執行時間60000毫秒, 最新rain時間0001/1/1 上午 12:00:00
2023-11-17 12:24:34,265  INFO [90] (BkTask+<>c__DisplayClass12_0:217) - 抓fhy取得淹水警示資料
2023-11-17 12:24:34,374  INFO [90] (BkTask+<>c__DisplayClass12_0:243) - 複合淹水下次執行時間60000毫秒, 最新rain時間0001/1/1 上午 12:00:00
2023-11-17 12:25:34,387  INFO [33] (BkTask+<>c__DisplayClass12_0:217) - 抓fhy取得淹水警示資料
2023-11-17 12:25:34,501  INFO [33] (BkTask+<>c__DisplayClass12_0:243) - 複合淹水下次執行時間60000毫秒, 最新rain時間0001/1/1 上午 12:00:00
2023-11-17 12:26:34,521  INFO [90] (BkTask+<>c__DisplayClass12_0:217) - 抓fhy取得淹水警示資料
2023-11-17 12:26:34,632  INFO [90] (BkTask+<>c__DisplayClass12_0:243) - 複合淹水下次執行時間60000毫秒, 最新rain時間0001/1/1 上午 12:00:00
2023-11-17 12:26:46,028  INFO [45] (BkTask+<>c__DisplayClass11_0:151) - 啟動計算複合淹水
2023-11-17 12:26:50,655  INFO [45] (BkTask+<>c__DisplayClass11_0:179) - 複合淹水下次執行時間604347毫秒, 最新rain時間2023/11/17 下午 12:26:35
2023-11-17 12:27:34,645  INFO [45] (BkTask+<>c__DisplayClass12_0:217) - 抓fhy取得淹水警示資料
2023-11-17 12:27:34,760  INFO [45] (BkTask+<>c__DisplayClass12_0:243) - 複合淹水下次執行時間60000毫秒, 最新rain時間0001/1/1 上午 12:00:00
2023-11-17 12:28:34,770  INFO [33] (BkTask+<>c__DisplayClass12_0:217) - 抓fhy取得淹水警示資料
2023-11-17 12:28:34,888  INFO [33] (BkTask+<>c__DisplayClass12_0:243) - 複合淹水下次執行時間60000毫秒, 最新rain時間0001/1/1 上午 12:00:00
2023-11-17 12:29:34,903  INFO [33] (BkTask+<>c__DisplayClass12_0:217) - 抓fhy取得淹水警示資料
2023-11-17 12:29:35,006  INFO [33] (BkTask+<>c__DisplayClass12_0:243) - 複合淹水下次執行時間60000毫秒, 最新rain時間0001/1/1 上午 12:00:00
2023-11-17 12:30:35,018  INFO [53] (BkTask+<>c__DisplayClass12_0:217) - 抓fhy取得淹水警示資料
2023-11-17 12:30:35,124  INFO [53] (BkTask+<>c__DisplayClass12_0:243) - 複合淹水下次執行時間60000毫秒, 最新rain時間0001/1/1 上午 12:00:00
2023-11-17 12:31:35,143  INFO [103] (BkTask+<>c__DisplayClass12_0:217) - 抓fhy取得淹水警示資料
2023-11-17 12:31:35,362  INFO [103] (BkTask+<>c__DisplayClass12_0:243) - 複合淹水下次執行時間60000毫秒, 最新rain時間0001/1/1 上午 12:00:00
2023-11-17 12:32:35,376  INFO [65] (BkTask+<>c__DisplayClass12_0:217) - 抓fhy取得淹水警示資料
2023-11-17 12:32:35,492  INFO [65] (BkTask+<>c__DisplayClass12_0:243) - 複合淹水下次執行時間60000毫秒, 最新rain時間0001/1/1 上午 12:00:00
2023-11-17 12:33:35,496  INFO [65] (BkTask+<>c__DisplayClass12_0:217) - 抓fhy取得淹水警示資料
2023-11-17 12:33:35,607  INFO [65] (BkTask+<>c__DisplayClass12_0:243) - 複合淹水下次執行時間60000毫秒, 最新rain時間0001/1/1 上午 12:00:00
2023-11-17 12:34:35,637  INFO [65] (BkTask+<>c__DisplayClass12_0:217) - 抓fhy取得淹水警示資料
2023-11-17 12:34:35,744  INFO [65] (BkTask+<>c__DisplayClass12_0:243) - 複合淹水下次執行時間60000毫秒, 最新rain時間0001/1/1 上午 12:00:00
2023-11-17 12:35:35,751  INFO [65] (BkTask+<>c__DisplayClass12_0:217) - 抓fhy取得淹水警示資料
2023-11-17 12:35:35,862  INFO [65] (BkTask+<>c__DisplayClass12_0:243) - 複合淹水下次執行時間60000毫秒, 最新rain時間0001/1/1 上午 12:00:00
2023-11-17 12:36:35,872  INFO [163] (BkTask+<>c__DisplayClass12_0:217) - 抓fhy取得淹水警示資料
2023-11-17 12:36:35,985  INFO [163] (BkTask+<>c__DisplayClass12_0:243) - 複合淹水下次執行時間60000毫秒, 最新rain時間0001/1/1 上午 12:00:00
2023-11-17 12:36:55,017  INFO [163] (BkTask+<>c__DisplayClass11_0:151) - 啟動計算複合淹水
2023-11-17 12:36:59,923  INFO [163] (BkTask+<>c__DisplayClass11_0:179) - 複合淹水下次執行時間604080毫秒, 最新rain時間2023/11/17 下午 12:36:44
2023-11-17 12:37:36,010  INFO [146] (BkTask+<>c__DisplayClass12_0:217) - 抓fhy取得淹水警示資料
2023-11-17 12:37:36,114  INFO [146] (BkTask+<>c__DisplayClass12_0:243) - 複合淹水下次執行時間60000毫秒, 最新rain時間0001/1/1 上午 12:00:00
2023-11-17 12:38:36,141  INFO [124] (BkTask+<>c__DisplayClass12_0:217) - 抓fhy取得淹水警示資料
2023-11-17 12:38:36,239  INFO [124] (BkTask+<>c__DisplayClass12_0:243) - 複合淹水下次執行時間60000毫秒, 最新rain時間0001/1/1 上午 12:00:00
2023-11-17 12:39:36,262  INFO [126] (BkTask+<>c__DisplayClass12_0:217) - 抓fhy取得淹水警示資料
2023-11-17 12:39:36,375  INFO [126] (BkTask+<>c__DisplayClass12_0:243) - 複合淹水下次執行時間60000毫秒, 最新rain時間0001/1/1 上午 12:00:00
2023-11-17 12:40:36,405  INFO [149] (BkTask+<>c__DisplayClass12_0:217) - 抓fhy取得淹水警示資料
2023-11-17 12:40:36,539  INFO [149] (BkTask+<>c__DisplayClass12_0:243) - 複合淹水下次執行時間60000毫秒, 最新rain時間0001/1/1 上午 12:00:00
2023-11-17 12:41:36,545  INFO [118] (BkTask+<>c__DisplayClass12_0:217) - 抓fhy取得淹水警示資料
2023-11-17 12:41:36,647  INFO [118] (BkTask+<>c__DisplayClass12_0:243) - 複合淹水下次執行時間60000毫秒, 最新rain時間0001/1/1 上午 12:00:00
2023-11-17 12:42:36,654  INFO [121] (BkTask+<>c__DisplayClass12_0:217) - 抓fhy取得淹水警示資料
2023-11-17 12:42:36,773  INFO [121] (BkTask+<>c__DisplayClass12_0:243) - 複合淹水下次執行時間60000毫秒, 最新rain時間0001/1/1 上午 12:00:00
2023-11-17 12:43:36,788  INFO [121] (BkTask+<>c__DisplayClass12_0:217) - 抓fhy取得淹水警示資料
2023-11-17 12:43:36,879  INFO [121] (BkTask+<>c__DisplayClass12_0:243) - 複合淹水下次執行時間60000毫秒, 最新rain時間0001/1/1 上午 12:00:00
2023-11-17 12:44:36,901  INFO [121] (BkTask+<>c__DisplayClass12_0:217) - 抓fhy取得淹水警示資料
2023-11-17 12:44:37,021  INFO [121] (BkTask+<>c__DisplayClass12_0:243) - 複合淹水下次執行時間60000毫秒, 最新rain時間0001/1/1 上午 12:00:00
2023-11-17 12:45:37,031  INFO [121] (BkTask+<>c__DisplayClass12_0:217) - 抓fhy取得淹水警示資料
2023-11-17 12:45:37,139  INFO [121] (BkTask+<>c__DisplayClass12_0:243) - 複合淹水下次執行時間60000毫秒, 最新rain時間0001/1/1 上午 12:00:00
2023-11-17 12:46:37,162  INFO [121] (BkTask+<>c__DisplayClass12_0:217) - 抓fhy取得淹水警示資料
2023-11-17 12:46:37,276  INFO [121] (BkTask+<>c__DisplayClass12_0:243) - 複合淹水下次執行時間60000毫秒, 最新rain時間0001/1/1 上午 12:00:00
2023-11-17 12:47:04,018  INFO [118] (BkTask+<>c__DisplayClass11_0:151) - 啟動計算複合淹水
2023-11-17 12:47:37,292  INFO [121] (BkTask+<>c__DisplayClass12_0:217) - 抓fhy取得淹水警示資料
2023-11-17 12:47:37,384  INFO [121] (BkTask+<>c__DisplayClass12_0:243) - 複合淹水下次執行時間60000毫秒, 最新rain時間0001/1/1 上午 12:00:00
2023-11-17 12:48:37,392  INFO [49] (BkTask+<>c__DisplayClass12_0:217) - 抓fhy取得淹水警示資料
2023-11-17 12:48:37,494  INFO [49] (BkTask+<>c__DisplayClass12_0:243) - 複合淹水下次執行時間60000毫秒, 最新rain時間0001/1/1 上午 12:00:00
2023-11-17 13:33:24,117  INFO [121] (BkTask+<>c__DisplayClass12_0:217) - 抓fhy取得淹水警示資料
2023-11-17 13:33:24,799  INFO [121] (BkTask+<>c__DisplayClass12_0:243) - 複合淹水下次執行時間60000毫秒, 最新rain時間0001/1/1 上午 12:00:00
2023-11-17 13:34:04,022  INFO [118] (BkTask+<>c__DisplayClass11_0:179) - 複合淹水下次執行時間60000毫秒, 最新rain時間2023/11/17 下午 12:36:44
2023-11-17 13:34:24,811  INFO [121] (BkTask+<>c__DisplayClass12_0:217) - 抓fhy取得淹水警示資料
2023-11-17 13:34:24,913  INFO [121] (BkTask+<>c__DisplayClass12_0:243) - 複合淹水下次執行時間60000毫秒, 最新rain時間0001/1/1 上午 12:00:00
2023-11-17 13:35:04,039  INFO [121] (BkTask+<>c__DisplayClass11_0:151) - 啟動計算複合淹水
2023-11-17 13:35:08,624  INFO [121] (BkTask+<>c__DisplayClass11_0:179) - 複合淹水下次執行時間225379毫秒, 最新rain時間2023/11/17 下午 01:28:34
2023-11-17 13:35:24,926  INFO [121] (BkTask+<>c__DisplayClass12_0:217) - 抓fhy取得淹水警示資料
2023-11-17 13:35:25,014  INFO [121] (BkTask+<>c__DisplayClass12_0:243) - 複合淹水下次執行時間60000毫秒, 最新rain時間0001/1/1 上午 12:00:00
2023-11-17 13:36:25,042  INFO [121] (BkTask+<>c__DisplayClass12_0:217) - 抓fhy取得淹水警示資料
2023-11-17 13:36:25,156  INFO [121] (BkTask+<>c__DisplayClass12_0:243) - 複合淹水下次執行時間60000毫秒, 最新rain時間0001/1/1 上午 12:00:00
2023-11-17 13:37:25,181  INFO [49] (BkTask+<>c__DisplayClass12_0:217) - 抓fhy取得淹水警示資料
2023-11-17 13:37:25,280  INFO [49] (BkTask+<>c__DisplayClass12_0:243) - 複合淹水下次執行時間60000毫秒, 最新rain時間0001/1/1 上午 12:00:00
2023-11-17 13:38:25,290  INFO [49] (BkTask+<>c__DisplayClass12_0:217) - 抓fhy取得淹水警示資料
2023-11-17 13:38:25,391  INFO [49] (BkTask+<>c__DisplayClass12_0:243) - 複合淹水下次執行時間60000毫秒, 最新rain時間0001/1/1 上午 12:00:00
2023-11-17 13:38:54,012  INFO [155] (BkTask+<>c__DisplayClass11_0:151) - 啟動計算複合淹水
2023-11-17 13:39:16,205  INFO [155] (BkTask+<>c__DisplayClass11_0:179) - 複合淹水下次執行時間468797毫秒, 最新rain時間2023/11/17 下午 01:36:45
2023-11-17 13:39:25,398  INFO [185] (BkTask+<>c__DisplayClass12_0:217) - 抓fhy取得淹水警示資料
2023-11-17 13:39:27,264  INFO [185] (BkTask+<>c__DisplayClass12_0:243) - 複合淹水下次執行時間60000毫秒, 最新rain時間0001/1/1 上午 12:00:00
2023-11-17 13:40:27,279  INFO [155] (BkTask+<>c__DisplayClass12_0:217) - 抓fhy取得淹水警示資料
2023-11-17 13:40:27,438  INFO [155] (BkTask+<>c__DisplayClass12_0:243) - 複合淹水下次執行時間60000毫秒, 最新rain時間0001/1/1 上午 12:00:00
2023-11-17 13:41:27,451  INFO [69] (BkTask+<>c__DisplayClass12_0:217) - 抓fhy取得淹水警示資料
2023-11-17 13:41:28,108  INFO [69] (BkTask+<>c__DisplayClass12_0:243) - 複合淹水下次執行時間60000毫秒, 最新rain時間0001/1/1 上午 12:00:00
2023-11-17 13:42:28,116  INFO [129] (BkTask+<>c__DisplayClass12_0:217) - 抓fhy取得淹水警示資料
2023-11-17 13:42:28,911  INFO [129] (BkTask+<>c__DisplayClass12_0:243) - 複合淹水下次執行時間60000毫秒, 最新rain時間0001/1/1 上午 12:00:00
2023-11-17 13:43:28,931  INFO [151] (BkTask+<>c__DisplayClass12_0:217) - 抓fhy取得淹水警示資料
2023-11-17 13:43:29,234  INFO [151] (BkTask+<>c__DisplayClass12_0:243) - 複合淹水下次執行時間60000毫秒, 最新rain時間0001/1/1 上午 12:00:00
2023-11-17 13:44:29,252  INFO [126] (BkTask+<>c__DisplayClass12_0:217) - 抓fhy取得淹水警示資料
2023-11-17 13:44:32,580  INFO [126] (BkTask+<>c__DisplayClass12_0:243) - 複合淹水下次執行時間60000毫秒, 最新rain時間0001/1/1 上午 12:00:00
2023-11-17 13:45:32,596  INFO [151] (BkTask+<>c__DisplayClass12_0:217) - 抓fhy取得淹水警示資料
2023-11-17 13:45:33,598  INFO [151] (BkTask+<>c__DisplayClass12_0:243) - 複合淹水下次執行時間60000毫秒, 最新rain時間0001/1/1 上午 12:00:00
2023-11-17 13:46:33,617  INFO [142] (BkTask+<>c__DisplayClass12_0:217) - 抓fhy取得淹水警示資料
2023-11-17 13:46:34,407  INFO [142] (BkTask+<>c__DisplayClass12_0:243) - 複合淹水下次執行時間60000毫秒, 最新rain時間0001/1/1 上午 12:00:00
2023-11-17 13:47:05,010  INFO [183] (BkTask+<>c__DisplayClass11_0:151) - 啟動計算複合淹水
2023-11-17 13:47:20,120  INFO [183] (BkTask+<>c__DisplayClass11_0:179) - 複合淹水下次執行時間595883毫秒, 最新rain時間2023/11/17 下午 01:46:56
2023-11-17 13:47:34,415  INFO [157] (BkTask+<>c__DisplayClass12_0:217) - 抓fhy取得淹水警示資料
2023-11-17 13:47:34,799  INFO [157] (BkTask+<>c__DisplayClass12_0:243) - 複合淹水下次執行時間60000毫秒, 最新rain時間0001/1/1 上午 12:00:00
2023-11-17 13:48:34,823  INFO [163] (BkTask+<>c__DisplayClass12_0:217) - 抓fhy取得淹水警示資料
2023-11-17 13:48:35,259  INFO [163] (BkTask+<>c__DisplayClass12_0:243) - 複合淹水下次執行時間60000毫秒, 最新rain時間0001/1/1 上午 12:00:00
2023-11-17 13:49:35,277  INFO [160] (BkTask+<>c__DisplayClass12_0:217) - 抓fhy取得淹水警示資料
2023-11-17 13:49:35,793  INFO [160] (BkTask+<>c__DisplayClass12_0:243) - 複合淹水下次執行時間60000毫秒, 最新rain時間0001/1/1 上午 12:00:00
2023-11-17 13:50:35,812  INFO [175] (BkTask+<>c__DisplayClass12_0:217) - 抓fhy取得淹水警示資料
2023-11-17 13:50:36,149  INFO [175] (BkTask+<>c__DisplayClass12_0:243) - 複合淹水下次執行時間60000毫秒, 最新rain時間0001/1/1 上午 12:00:00
2023-11-17 13:51:36,156  INFO [127] (BkTask+<>c__DisplayClass12_0:217) - 抓fhy取得淹水警示資料
2023-11-17 13:51:36,328  INFO [127] (BkTask+<>c__DisplayClass12_0:243) - 複合淹水下次執行時間60000毫秒, 最新rain時間0001/1/1 上午 12:00:00
2023-11-17 13:52:36,343  INFO [127] (BkTask+<>c__DisplayClass12_0:217) - 抓fhy取得淹水警示資料
2023-11-17 13:52:36,451  INFO [127] (BkTask+<>c__DisplayClass12_0:243) - 複合淹水下次執行時間60000毫秒, 最新rain時間0001/1/1 上午 12:00:00
2023-11-17 13:53:36,467  INFO [66] (BkTask+<>c__DisplayClass12_0:217) - 抓fhy取得淹水警示資料
2023-11-17 13:53:36,609  INFO [66] (BkTask+<>c__DisplayClass12_0:243) - 複合淹水下次執行時間60000毫秒, 最新rain時間0001/1/1 上午 12:00:00
2023-11-17 13:54:36,632  INFO [69] (BkTask+<>c__DisplayClass12_0:217) - 抓fhy取得淹水警示資料
2023-11-17 13:54:36,773  INFO [69] (BkTask+<>c__DisplayClass12_0:243) - 複合淹水下次執行時間60000毫秒, 最新rain時間0001/1/1 上午 12:00:00
2023-11-17 13:55:36,791  INFO [94] (BkTask+<>c__DisplayClass12_0:217) - 抓fhy取得淹水警示資料
2023-11-17 13:55:39,968  INFO [94] (BkTask+<>c__DisplayClass12_0:243) - 複合淹水下次執行時間60000毫秒, 最新rain時間0001/1/1 上午 12:00:00
2023-11-17 13:56:39,988  INFO [69] (BkTask+<>c__DisplayClass12_0:217) - 抓fhy取得淹水警示資料
2023-11-17 13:56:40,393  INFO [69] (BkTask+<>c__DisplayClass12_0:243) - 複合淹水下次執行時間60000毫秒, 最新rain時間0001/1/1 上午 12:00:00
2023-11-17 13:57:16,013  INFO [69] (BkTask+<>c__DisplayClass11_0:151) - 啟動計算複合淹水
2023-11-17 13:57:16,828  INFO [69] (BkTask+<>c__DisplayClass11_0:179) - 複合淹水下次執行時間60000毫秒, 最新rain時間2023/11/17 下午 01:46:56
2023-11-17 13:57:40,407  INFO [69] (BkTask+<>c__DisplayClass12_0:217) - 抓fhy取得淹水警示資料
2023-11-17 13:57:40,523  INFO [69] (BkTask+<>c__DisplayClass12_0:243) - 複合淹水下次執行時間60000毫秒, 最新rain時間0001/1/1 上午 12:00:00
2023-11-17 13:58:16,852  INFO [102] (BkTask+<>c__DisplayClass11_0:151) - 啟動計算複合淹水
2023-11-17 13:58:29,279  INFO [102] (BkTask+<>c__DisplayClass11_0:179) - 複合淹水下次執行時間596722毫秒, 最新rain時間2023/11/17 下午 01:58:06
2023-11-17 13:58:40,527  INFO [102] (BkTask+<>c__DisplayClass12_0:217) - 抓fhy取得淹水警示資料
2023-11-17 13:58:40,896  INFO [102] (BkTask+<>c__DisplayClass12_0:243) - 複合淹水下次執行時間60000毫秒, 最新rain時間0001/1/1 上午 12:00:00
2023-11-17 13:59:40,910  INFO [102] (BkTask+<>c__DisplayClass12_0:217) - 抓fhy取得淹水警示資料
2023-11-17 13:59:41,069  INFO [102] (BkTask+<>c__DisplayClass12_0:243) - 複合淹水下次執行時間60000毫秒, 最新rain時間0001/1/1 上午 12:00:00
2023-11-17 14:00:41,084  INFO [46] (BkTask+<>c__DisplayClass12_0:217) - 抓fhy取得淹水警示資料
2023-11-17 14:00:41,282  INFO [46] (BkTask+<>c__DisplayClass12_0:243) - 複合淹水下次執行時間60000毫秒, 最新rain時間0001/1/1 上午 12:00:00
2023-11-17 14:01:41,303  INFO [46] (BkTask+<>c__DisplayClass12_0:217) - 抓fhy取得淹水警示資料
2023-11-17 14:01:41,467  INFO [46] (BkTask+<>c__DisplayClass12_0:243) - 複合淹水下次執行時間60000毫秒, 最新rain時間0001/1/1 上午 12:00:00
2023-11-17 14:02:41,480  INFO [179] (BkTask+<>c__DisplayClass12_0:217) - 抓fhy取得淹水警示資料
2023-11-17 14:02:41,578  INFO [179] (BkTask+<>c__DisplayClass12_0:243) - 複合淹水下次執行時間60000毫秒, 最新rain時間0001/1/1 上午 12:00:00
2023-11-17 14:03:41,587  INFO [179] (BkTask+<>c__DisplayClass12_0:217) - 抓fhy取得淹水警示資料
2023-11-17 14:03:41,697  INFO [179] (BkTask+<>c__DisplayClass12_0:243) - 複合淹水下次執行時間60000毫秒, 最新rain時間0001/1/1 上午 12:00:00
2023-11-17 14:04:41,715  INFO [179] (BkTask+<>c__DisplayClass12_0:217) - 抓fhy取得淹水警示資料
2023-11-17 14:04:41,823  INFO [179] (BkTask+<>c__DisplayClass12_0:243) - 複合淹水下次執行時間60000毫秒, 最新rain時間0001/1/1 上午 12:00:00
2023-11-17 14:05:41,826  INFO [44] (BkTask+<>c__DisplayClass12_0:217) - 抓fhy取得淹水警示資料
2023-11-17 14:05:41,955  INFO [44] (BkTask+<>c__DisplayClass12_0:243) - 複合淹水下次執行時間60000毫秒, 最新rain時間0001/1/1 上午 12:00:00
2023-11-17 14:06:41,971  INFO [34] (BkTask+<>c__DisplayClass12_0:217) - 抓fhy取得淹水警示資料
2023-11-17 14:06:42,086  INFO [34] (BkTask+<>c__DisplayClass12_0:243) - 複合淹水下次執行時間60000毫秒, 最新rain時間0001/1/1 上午 12:00:00
2023-11-17 14:07:42,098  INFO [34] (BkTask+<>c__DisplayClass12_0:217) - 抓fhy取得淹水警示資料
2023-11-17 14:07:42,220  INFO [34] (BkTask+<>c__DisplayClass12_0:243) - 複合淹水下次執行時間60000毫秒, 最新rain時間0001/1/1 上午 12:00:00
2023-11-17 14:08:26,018  INFO [33] (BkTask+<>c__DisplayClass11_0:151) - 啟動計算複合淹水
2023-11-17 14:08:30,427  INFO [33] (BkTask+<>c__DisplayClass11_0:179) - 複合淹水下次執行時間487577毫秒, 最新rain時間2023/11/17 下午 02:06:18
2023-11-17 14:08:42,246  INFO [34] (BkTask+<>c__DisplayClass12_0:217) - 抓fhy取得淹水警示資料
2023-11-17 14:08:42,357  INFO [34] (BkTask+<>c__DisplayClass12_0:243) - 複合淹水下次執行時間60000毫秒, 最新rain時間0001/1/1 上午 12:00:00
2023-11-17 14:09:42,368  INFO [15] (BkTask+<>c__DisplayClass12_0:217) - 抓fhy取得淹水警示資料
2023-11-17 14:09:42,486  INFO [15] (BkTask+<>c__DisplayClass12_0:243) - 複合淹水下次執行時間60000毫秒, 最新rain時間0001/1/1 上午 12:00:00
2023-11-17 14:10:42,501  INFO [15] (BkTask+<>c__DisplayClass12_0:217) - 抓fhy取得淹水警示資料
2023-11-17 14:10:42,620  INFO [15] (BkTask+<>c__DisplayClass12_0:243) - 複合淹水下次執行時間60000毫秒, 最新rain時間0001/1/1 上午 12:00:00
2023-11-17 14:11:42,628  INFO [26] (BkTask+<>c__DisplayClass12_0:217) - 抓fhy取得淹水警示資料
2023-11-17 14:11:42,746  INFO [26] (BkTask+<>c__DisplayClass12_0:243) - 複合淹水下次執行時間60000毫秒, 最新rain時間0001/1/1 上午 12:00:00
2023-11-17 14:12:42,777  INFO [26] (BkTask+<>c__DisplayClass12_0:217) - 抓fhy取得淹水警示資料
2023-11-17 14:12:42,885  INFO [26] (BkTask+<>c__DisplayClass12_0:243) - 複合淹水下次執行時間60000毫秒, 最新rain時間0001/1/1 上午 12:00:00
2023-11-17 14:13:42,893  INFO [26] (BkTask+<>c__DisplayClass12_0:217) - 抓fhy取得淹水警示資料
2023-11-17 14:13:43,037  INFO [26] (BkTask+<>c__DisplayClass12_0:243) - 複合淹水下次執行時間60000毫秒, 最新rain時間0001/1/1 上午 12:00:00
2023-11-17 14:14:43,057  INFO [74] (BkTask+<>c__DisplayClass12_0:217) - 抓fhy取得淹水警示資料
2023-11-17 14:14:43,179  INFO [74] (BkTask+<>c__DisplayClass12_0:243) - 複合淹水下次執行時間60000毫秒, 最新rain時間0001/1/1 上午 12:00:00
2023-11-17 14:20:29,195  INFO [74] (BkTask+<>c__DisplayClass12_0:217) - 抓fhy取得淹水警示資料
2023-11-17 14:20:29,314  INFO [74] (BkTask+<>c__DisplayClass12_0:243) - 複合淹水下次執行時間60000毫秒, 最新rain時間0001/1/1 上午 12:00:00
2023-11-17 14:21:24,017  INFO [193] (BkTask+<>c__DisplayClass11_0:151) - 啟動計算複合淹水
2023-11-17 14:21:29,109  INFO [193] (BkTask+<>c__DisplayClass11_0:179) - 複合淹水下次執行時間438892毫秒, 最新rain時間2023/11/17 下午 02:18:28
2023-11-17 14:21:29,326  INFO [75] (BkTask+<>c__DisplayClass12_0:217) - 抓fhy取得淹水警示資料
2023-11-17 14:21:29,431  INFO [75] (BkTask+<>c__DisplayClass12_0:243) - 複合淹水下次執行時間60000毫秒, 最新rain時間0001/1/1 上午 12:00:00
2023-11-17 14:22:29,435  INFO [193] (BkTask+<>c__DisplayClass12_0:217) - 抓fhy取得淹水警示資料
2023-11-17 14:22:29,539  INFO [193] (BkTask+<>c__DisplayClass12_0:243) - 複合淹水下次執行時間60000毫秒, 最新rain時間0001/1/1 上午 12:00:00
2023-11-17 14:23:29,550  INFO [193] (BkTask+<>c__DisplayClass12_0:217) - 抓fhy取得淹水警示資料
2023-11-17 14:23:29,680  INFO [193] (BkTask+<>c__DisplayClass12_0:243) - 複合淹水下次執行時間60000毫秒, 最新rain時間0001/1/1 上午 12:00:00
2023-11-17 14:24:29,695  INFO [75] (BkTask+<>c__DisplayClass12_0:217) - 抓fhy取得淹水警示資料
2023-11-17 14:24:29,804  INFO [75] (BkTask+<>c__DisplayClass12_0:243) - 複合淹水下次執行時間60000毫秒, 最新rain時間0001/1/1 上午 12:00:00
2023-11-17 14:25:29,811  INFO [75] (BkTask+<>c__DisplayClass12_0:217) - 抓fhy取得淹水警示資料
2023-11-17 14:25:29,928  INFO [75] (BkTask+<>c__DisplayClass12_0:243) - 複合淹水下次執行時間60000毫秒, 最新rain時間0001/1/1 上午 12:00:00
2023-11-17 14:26:29,935  INFO [75] (BkTask+<>c__DisplayClass12_0:217) - 抓fhy取得淹水警示資料
2023-11-17 14:26:30,050  INFO [75] (BkTask+<>c__DisplayClass12_0:243) - 複合淹水下次執行時間60000毫秒, 最新rain時間0001/1/1 上午 12:00:00
2023-11-17 14:27:30,058  INFO [75] (BkTask+<>c__DisplayClass12_0:217) - 抓fhy取得淹水警示資料
2023-11-17 14:27:30,159  INFO [75] (BkTask+<>c__DisplayClass12_0:243) - 複合淹水下次執行時間60000毫秒, 最新rain時間0001/1/1 上午 12:00:00
2023-11-17 14:28:30,172  INFO [75] (BkTask+<>c__DisplayClass12_0:217) - 抓fhy取得淹水警示資料
2023-11-17 14:28:30,296  INFO [75] (BkTask+<>c__DisplayClass12_0:243) - 複合淹水下次執行時間60000毫秒, 最新rain時間0001/1/1 上午 12:00:00
2023-11-17 14:28:48,019  INFO [75] (BkTask+<>c__DisplayClass11_0:151) - 啟動計算複合淹水
2023-11-17 14:28:51,788  INFO [75] (BkTask+<>c__DisplayClass11_0:179) - 複合淹水下次執行時間603214毫秒, 最新rain時間2023/11/17 下午 02:28:35
2023-11-17 14:29:30,304  INFO [75] (BkTask+<>c__DisplayClass12_0:217) - 抓fhy取得淹水警示資料
2023-11-17 14:29:30,421  INFO [75] (BkTask+<>c__DisplayClass12_0:243) - 複合淹水下次執行時間60000毫秒, 最新rain時間0001/1/1 上午 12:00:00
2023-11-17 14:30:30,428  INFO [75] (BkTask+<>c__DisplayClass12_0:217) - 抓fhy取得淹水警示資料
2023-11-17 14:30:30,562  INFO [75] (BkTask+<>c__DisplayClass12_0:243) - 複合淹水下次執行時間60000毫秒, 最新rain時間0001/1/1 上午 12:00:00
2023-11-17 14:31:30,571  INFO [75] (BkTask+<>c__DisplayClass12_0:217) - 抓fhy取得淹水警示資料
2023-11-17 14:31:30,682  INFO [75] (BkTask+<>c__DisplayClass12_0:243) - 複合淹水下次執行時間60000毫秒, 最新rain時間0001/1/1 上午 12:00:00
2023-11-17 14:32:30,694  INFO [26] (BkTask+<>c__DisplayClass12_0:217) - 抓fhy取得淹水警示資料
2023-11-17 14:32:30,824  INFO [26] (BkTask+<>c__DisplayClass12_0:243) - 複合淹水下次執行時間60000毫秒, 最新rain時間0001/1/1 上午 12:00:00
2023-11-17 14:33:30,829  INFO [26] (BkTask+<>c__DisplayClass12_0:217) - 抓fhy取得淹水警示資料
2023-11-17 14:33:30,939  INFO [26] (BkTask+<>c__DisplayClass12_0:243) - 複合淹水下次執行時間60000毫秒, 最新rain時間0001/1/1 上午 12:00:00
2023-11-17 14:34:30,947  INFO [26] (BkTask+<>c__DisplayClass12_0:217) - 抓fhy取得淹水警示資料
2023-11-17 14:34:32,741  INFO [26] (BkTask+<>c__DisplayClass12_0:243) - 複合淹水下次執行時間60000毫秒, 最新rain時間0001/1/1 上午 12:00:00
2023-11-17 14:35:32,747  INFO [44] (BkTask+<>c__DisplayClass12_0:217) - 抓fhy取得淹水警示資料
2023-11-17 14:35:32,861  INFO [44] (BkTask+<>c__DisplayClass12_0:243) - 複合淹水下次執行時間60000毫秒, 最新rain時間0001/1/1 上午 12:00:00
2023-11-17 14:36:32,877  INFO [99] (BkTask+<>c__DisplayClass12_0:217) - 抓fhy取得淹水警示資料
2023-11-17 14:36:33,017  INFO [99] (BkTask+<>c__DisplayClass12_0:243) - 複合淹水下次執行時間60000毫秒, 最新rain時間0001/1/1 上午 12:00:00
2023-11-17 14:37:33,019  INFO [99] (BkTask+<>c__DisplayClass12_0:217) - 抓fhy取得淹水警示資料
2023-11-17 14:37:33,150  INFO [99] (BkTask+<>c__DisplayClass12_0:243) - 複合淹水下次執行時間60000毫秒, 最新rain時間0001/1/1 上午 12:00:00
2023-11-17 14:38:33,166  INFO [99] (BkTask+<>c__DisplayClass12_0:217) - 抓fhy取得淹水警示資料
2023-11-17 14:38:33,281  INFO [99] (BkTask+<>c__DisplayClass12_0:243) - 複合淹水下次執行時間60000毫秒, 最新rain時間0001/1/1 上午 12:00:00
2023-11-17 14:38:55,008  INFO [135] (BkTask+<>c__DisplayClass11_0:151) - 啟動計算複合淹水
2023-11-17 14:39:00,233  INFO [135] (BkTask+<>c__DisplayClass11_0:179) - 複合淹水下次執行時間485768毫秒, 最新rain時間2023/11/17 下午 02:36:46
2023-11-17 14:39:33,297  INFO [138] (BkTask+<>c__DisplayClass12_0:217) - 抓fhy取得淹水警示資料
2023-11-17 14:39:33,401  INFO [138] (BkTask+<>c__DisplayClass12_0:243) - 複合淹水下次執行時間60000毫秒, 最新rain時間0001/1/1 上午 12:00:00
2023-11-17 14:40:33,416  INFO [141] (BkTask+<>c__DisplayClass12_0:217) - 抓fhy取得淹水警示資料
2023-11-17 14:40:33,561  INFO [141] (BkTask+<>c__DisplayClass12_0:243) - 複合淹水下次執行時間60000毫秒, 最新rain時間0001/1/1 上午 12:00:00
2023-11-17 14:41:33,572  INFO [139] (BkTask+<>c__DisplayClass12_0:217) - 抓fhy取得淹水警示資料
2023-11-17 14:41:33,680  INFO [139] (BkTask+<>c__DisplayClass12_0:243) - 複合淹水下次執行時間60000毫秒, 最新rain時間0001/1/1 上午 12:00:00
2023-11-17 14:42:33,699  INFO [70] (BkTask+<>c__DisplayClass12_0:217) - 抓fhy取得淹水警示資料
2023-11-17 14:42:33,798  INFO [70] (BkTask+<>c__DisplayClass12_0:243) - 複合淹水下次執行時間60000毫秒, 最新rain時間0001/1/1 上午 12:00:00
2023-11-17 14:43:33,815  INFO [177] (BkTask+<>c__DisplayClass12_0:217) - 抓fhy取得淹水警示資料
2023-11-17 14:43:33,917  INFO [177] (BkTask+<>c__DisplayClass12_0:243) - 複合淹水下次執行時間60000毫秒, 最新rain時間0001/1/1 上午 12:00:00
2023-11-17 14:44:33,930  INFO [177] (BkTask+<>c__DisplayClass12_0:217) - 抓fhy取得淹水警示資料
2023-11-17 14:44:34,067  INFO [177] (BkTask+<>c__DisplayClass12_0:243) - 複合淹水下次執行時間60000毫秒, 最新rain時間0001/1/1 上午 12:00:00
2023-11-17 14:45:34,084  INFO [177] (BkTask+<>c__DisplayClass12_0:217) - 抓fhy取得淹水警示資料
2023-11-17 14:45:34,184  INFO [177] (BkTask+<>c__DisplayClass12_0:243) - 複合淹水下次執行時間60000毫秒, 最新rain時間0001/1/1 上午 12:00:00
2023-11-17 14:46:34,195  INFO [177] (BkTask+<>c__DisplayClass12_0:217) - 抓fhy取得淹水警示資料
2023-11-17 14:46:34,307  INFO [177] (BkTask+<>c__DisplayClass12_0:243) - 複合淹水下次執行時間60000毫秒, 最新rain時間0001/1/1 上午 12:00:00
2023-11-17 14:47:06,007  INFO [38] (BkTask+<>c__DisplayClass11_0:151) - 啟動計算複合淹水
2023-11-17 14:47:11,253  INFO [38] (BkTask+<>c__DisplayClass11_0:179) - 複合淹水下次執行時間603748毫秒, 最新rain時間2023/11/17 下午 02:46:55
2023-11-17 14:47:34,317  INFO [177] (BkTask+<>c__DisplayClass12_0:217) - 抓fhy取得淹水警示資料
2023-11-17 14:47:34,430  INFO [177] (BkTask+<>c__DisplayClass12_0:243) - 複合淹水下次執行時間60000毫秒, 最新rain時間0001/1/1 上午 12:00:00
2023-11-17 14:48:34,444  INFO [177] (BkTask+<>c__DisplayClass12_0:217) - 抓fhy取得淹水警示資料
2023-11-17 14:48:34,569  INFO [177] (BkTask+<>c__DisplayClass12_0:243) - 複合淹水下次執行時間60000毫秒, 最新rain時間0001/1/1 上午 12:00:00
2023-11-17 14:49:34,582  INFO [177] (BkTask+<>c__DisplayClass12_0:217) - 抓fhy取得淹水警示資料
2023-11-17 14:49:34,689  INFO [177] (BkTask+<>c__DisplayClass12_0:243) - 複合淹水下次執行時間60000毫秒, 最新rain時間0001/1/1 上午 12:00:00
2023-11-17 14:50:34,700  INFO [177] (BkTask+<>c__DisplayClass12_0:217) - 抓fhy取得淹水警示資料
2023-11-17 14:50:34,831  INFO [177] (BkTask+<>c__DisplayClass12_0:243) - 複合淹水下次執行時間60000毫秒, 最新rain時間0001/1/1 上午 12:00:00
2023-11-17 14:51:34,850  INFO [177] (BkTask+<>c__DisplayClass12_0:217) - 抓fhy取得淹水警示資料
2023-11-17 14:51:34,971  INFO [177] (BkTask+<>c__DisplayClass12_0:243) - 複合淹水下次執行時間60000毫秒, 最新rain時間0001/1/1 上午 12:00:00
2023-11-17 14:52:34,979  INFO [177] (BkTask+<>c__DisplayClass12_0:217) - 抓fhy取得淹水警示資料
2023-11-17 14:52:35,114  INFO [177] (BkTask+<>c__DisplayClass12_0:243) - 複合淹水下次執行時間60000毫秒, 最新rain時間0001/1/1 上午 12:00:00
2023-11-17 14:53:35,128  INFO [111] (BkTask+<>c__DisplayClass12_0:217) - 抓fhy取得淹水警示資料
2023-11-17 14:53:35,249  INFO [111] (BkTask+<>c__DisplayClass12_0:243) - 複合淹水下次執行時間60000毫秒, 最新rain時間0001/1/1 上午 12:00:00
2023-11-17 14:54:35,263  INFO [177] (BkTask+<>c__DisplayClass12_0:217) - 抓fhy取得淹水警示資料
2023-11-17 14:54:35,377  INFO [177] (BkTask+<>c__DisplayClass12_0:243) - 複合淹水下次執行時間60000毫秒, 最新rain時間0001/1/1 上午 12:00:00
2023-11-17 14:55:35,387  INFO [111] (BkTask+<>c__DisplayClass12_0:217) - 抓fhy取得淹水警示資料
2023-11-17 14:55:35,502  INFO [111] (BkTask+<>c__DisplayClass12_0:243) - 複合淹水下次執行時間60000毫秒, 最新rain時間0001/1/1 上午 12:00:00
2023-11-17 14:56:35,516  INFO [111] (BkTask+<>c__DisplayClass12_0:217) - 抓fhy取得淹水警示資料
2023-11-17 14:56:35,648  INFO [111] (BkTask+<>c__DisplayClass12_0:243) - 複合淹水下次執行時間60000毫秒, 最新rain時間0001/1/1 上午 12:00:00
2023-11-17 14:57:15,022  INFO [177] (BkTask+<>c__DisplayClass11_0:151) - 啟動計算複合淹水
2023-11-17 14:57:19,660  INFO [177] (BkTask+<>c__DisplayClass11_0:179) - 複合淹水下次執行時間606341毫秒, 最新rain時間2023/11/17 下午 02:57:06
2023-11-17 14:57:35,653  INFO [111] (BkTask+<>c__DisplayClass12_0:217) - 抓fhy取得淹水警示資料
2023-11-17 14:57:35,779  INFO [111] (BkTask+<>c__DisplayClass12_0:243) - 複合淹水下次執行時間60000毫秒, 最新rain時間0001/1/1 上午 12:00:00
2023-11-17 14:58:35,782  INFO [152] (BkTask+<>c__DisplayClass12_0:217) - 抓fhy取得淹水警示資料
2023-11-17 14:58:35,888  INFO [152] (BkTask+<>c__DisplayClass12_0:243) - 複合淹水下次執行時間60000毫秒, 最新rain時間0001/1/1 上午 12:00:00
2023-11-17 14:59:35,899  INFO [152] (BkTask+<>c__DisplayClass12_0:217) - 抓fhy取得淹水警示資料
2023-11-17 14:59:36,012  INFO [152] (BkTask+<>c__DisplayClass12_0:243) - 複合淹水下次執行時間60000毫秒, 最新rain時間0001/1/1 上午 12:00:00
2023-11-17 15:00:36,016  INFO [152] (BkTask+<>c__DisplayClass12_0:217) - 抓fhy取得淹水警示資料
2023-11-17 15:00:36,159  INFO [152] (BkTask+<>c__DisplayClass12_0:243) - 複合淹水下次執行時間60000毫秒, 最新rain時間0001/1/1 上午 12:00:00
2023-11-17 15:01:36,180  INFO [152] (BkTask+<>c__DisplayClass12_0:217) - 抓fhy取得淹水警示資料
2023-11-17 15:01:36,291  INFO [152] (BkTask+<>c__DisplayClass12_0:243) - 複合淹水下次執行時間60000毫秒, 最新rain時間0001/1/1 上午 12:00:00
2023-11-17 15:02:36,307  INFO [152] (BkTask+<>c__DisplayClass12_0:217) - 抓fhy取得淹水警示資料
2023-11-17 15:02:36,425  INFO [152] (BkTask+<>c__DisplayClass12_0:243) - 複合淹水下次執行時間60000毫秒, 最新rain時間0001/1/1 上午 12:00:00
2023-11-17 15:03:36,444  INFO [152] (BkTask+<>c__DisplayClass12_0:217) - 抓fhy取得淹水警示資料
2023-11-17 15:03:36,767  INFO [152] (BkTask+<>c__DisplayClass12_0:243) - 複合淹水下次執行時間60000毫秒, 最新rain時間0001/1/1 上午 12:00:00
2023-11-17 15:04:36,775  INFO [152] (BkTask+<>c__DisplayClass12_0:217) - 抓fhy取得淹水警示資料
2023-11-17 15:04:37,712  INFO [152] (BkTask+<>c__DisplayClass12_0:243) - 複合淹水下次執行時間60000毫秒, 最新rain時間0001/1/1 上午 12:00:00
2023-11-17 15:05:37,723  INFO [177] (BkTask+<>c__DisplayClass12_0:217) - 抓fhy取得淹水警示資料
2023-11-17 15:05:37,833  INFO [177] (BkTask+<>c__DisplayClass12_0:243) - 複合淹水下次執行時間60000毫秒, 最新rain時間0001/1/1 上午 12:00:00
2023-11-17 15:06:37,847  INFO [71] (BkTask+<>c__DisplayClass12_0:217) - 抓fhy取得淹水警示資料
2023-11-17 15:06:37,967  INFO [71] (BkTask+<>c__DisplayClass12_0:243) - 複合淹水下次執行時間60000毫秒, 最新rain時間0001/1/1 上午 12:00:00
2023-11-17 15:07:26,019  INFO [141] (BkTask+<>c__DisplayClass11_0:151) - 啟動計算複合淹水
2023-11-17 15:07:32,385  INFO [141] (BkTask+<>c__DisplayClass11_0:179) - 複合淹水下次執行時間541616毫秒, 最新rain時間2023/11/17 下午 03:06:14
2023-11-17 15:07:37,973  INFO [71] (BkTask+<>c__DisplayClass12_0:217) - 抓fhy取得淹水警示資料
2023-11-17 15:07:38,080  INFO [71] (BkTask+<>c__DisplayClass12_0:243) - 複合淹水下次執行時間60000毫秒, 最新rain時間0001/1/1 上午 12:00:00
2023-11-17 15:08:38,084  INFO [138] (BkTask+<>c__DisplayClass12_0:217) - 抓fhy取得淹水警示資料
2023-11-17 15:08:38,197  INFO [138] (BkTask+<>c__DisplayClass12_0:243) - 複合淹水下次執行時間60000毫秒, 最新rain時間0001/1/1 上午 12:00:00
2023-11-17 15:09:38,216  INFO [138] (BkTask+<>c__DisplayClass12_0:217) - 抓fhy取得淹水警示資料
2023-11-17 15:09:38,367  INFO [138] (BkTask+<>c__DisplayClass12_0:243) - 複合淹水下次執行時間60000毫秒, 最新rain時間0001/1/1 上午 12:00:00
2023-11-17 15:10:38,377  INFO [179] (BkTask+<>c__DisplayClass12_0:217) - 抓fhy取得淹水警示資料
2023-11-17 15:10:38,495  INFO [179] (BkTask+<>c__DisplayClass12_0:243) - 複合淹水下次執行時間60000毫秒, 最新rain時間0001/1/1 上午 12:00:00
2023-11-17 15:11:38,499  INFO [44] (BkTask+<>c__DisplayClass12_0:217) - 抓fhy取得淹水警示資料
2023-11-17 15:11:38,614  INFO [44] (BkTask+<>c__DisplayClass12_0:243) - 複合淹水下次執行時間60000毫秒, 最新rain時間0001/1/1 上午 12:00:00
2023-11-17 15:12:38,630  INFO [44] (BkTask+<>c__DisplayClass12_0:217) - 抓fhy取得淹水警示資料
2023-11-17 15:12:38,729  INFO [44] (BkTask+<>c__DisplayClass12_0:243) - 複合淹水下次執行時間60000毫秒, 最新rain時間0001/1/1 上午 12:00:00
2023-11-17 15:13:38,733  INFO [45] (BkTask+<>c__DisplayClass12_0:217) - 抓fhy取得淹水警示資料
2023-11-17 15:13:38,883  INFO [45] (BkTask+<>c__DisplayClass12_0:243) - 複合淹水下次執行時間60000毫秒, 最新rain時間0001/1/1 上午 12:00:00
2023-11-17 15:14:38,888  INFO [45] (BkTask+<>c__DisplayClass12_0:217) - 抓fhy取得淹水警示資料
2023-11-17 15:14:38,995  INFO [45] (BkTask+<>c__DisplayClass12_0:243) - 複合淹水下次執行時間60000毫秒, 最新rain時間0001/1/1 上午 12:00:00
2023-11-17 15:15:39,001  INFO [99] (BkTask+<>c__DisplayClass12_0:217) - 抓fhy取得淹水警示資料
2023-11-17 15:15:39,103  INFO [99] (BkTask+<>c__DisplayClass12_0:243) - 複合淹水下次執行時間60000毫秒, 最新rain時間0001/1/1 上午 12:00:00
2023-11-17 15:16:34,025  INFO [34] (BkTask+<>c__DisplayClass11_0:151) - 啟動計算複合淹水
2023-11-17 15:16:34,288  INFO [34] (BkTask+<>c__DisplayClass11_0:179) - 複合淹水下次執行時間60000毫秒, 最新rain時間2023/11/17 下午 03:06:14
2023-11-17 15:16:39,117  INFO [34] (BkTask+<>c__DisplayClass12_0:217) - 抓fhy取得淹水警示資料
2023-11-17 15:16:39,249  INFO [34] (BkTask+<>c__DisplayClass12_0:243) - 複合淹水下次執行時間60000毫秒, 最新rain時間0001/1/1 上午 12:00:00
2023-11-17 15:17:34,295  INFO [99] (BkTask+<>c__DisplayClass11_0:151) - 啟動計算複合淹水
2023-11-17 15:17:34,617  INFO [99] (BkTask+<>c__DisplayClass11_0:179) - 複合淹水下次執行時間60000毫秒, 最新rain時間2023/11/17 下午 03:06:14
2023-11-17 15:17:39,250  INFO [73] (BkTask+<>c__DisplayClass12_0:217) - 抓fhy取得淹水警示資料
2023-11-17 15:17:39,381  INFO [73] (BkTask+<>c__DisplayClass12_0:243) - 複合淹水下次執行時間60000毫秒, 最新rain時間0001/1/1 上午 12:00:00
2023-11-17 15:18:34,629  INFO [99] (BkTask+<>c__DisplayClass11_0:151) - 啟動計算複合淹水
2023-11-17 15:18:38,917  INFO [99] (BkTask+<>c__DisplayClass11_0:179) - 複合淹水下次執行時間609085毫秒, 最新rain時間2023/11/17 下午 03:18:28
2023-11-17 15:18:39,398  INFO [20] (BkTask+<>c__DisplayClass12_0:217) - 抓fhy取得淹水警示資料
2023-11-17 15:18:39,500  INFO [20] (BkTask+<>c__DisplayClass12_0:243) - 複合淹水下次執行時間60000毫秒, 最新rain時間0001/1/1 上午 12:00:00
2023-11-17 15:19:39,519  INFO [99] (BkTask+<>c__DisplayClass12_0:217) - 抓fhy取得淹水警示資料
2023-11-17 15:19:39,631  INFO [99] (BkTask+<>c__DisplayClass12_0:243) - 複合淹水下次執行時間60000毫秒, 最新rain時間0001/1/1 上午 12:00:00
2023-11-17 15:20:39,638  INFO [20] (BkTask+<>c__DisplayClass12_0:217) - 抓fhy取得淹水警示資料
2023-11-17 15:20:39,754  INFO [20] (BkTask+<>c__DisplayClass12_0:243) - 複合淹水下次執行時間60000毫秒, 最新rain時間0001/1/1 上午 12:00:00
2023-11-17 15:21:39,773  INFO [20] (BkTask+<>c__DisplayClass12_0:217) - 抓fhy取得淹水警示資料
2023-11-17 15:21:39,879  INFO [20] (BkTask+<>c__DisplayClass12_0:243) - 複合淹水下次執行時間60000毫秒, 最新rain時間0001/1/1 上午 12:00:00
2023-11-17 15:22:39,897  INFO [22] (BkTask+<>c__DisplayClass12_0:217) - 抓fhy取得淹水警示資料
2023-11-17 15:22:40,008  INFO [22] (BkTask+<>c__DisplayClass12_0:243) - 複合淹水下次執行時間60000毫秒, 最新rain時間0001/1/1 上午 12:00:00
2023-11-17 15:23:40,025  INFO [182] (BkTask+<>c__DisplayClass12_0:217) - 抓fhy取得淹水警示資料
2023-11-17 15:23:40,130  INFO [182] (BkTask+<>c__DisplayClass12_0:243) - 複合淹水下次執行時間60000毫秒, 最新rain時間0001/1/1 上午 12:00:00
2023-11-17 15:24:40,139  INFO [182] (BkTask+<>c__DisplayClass12_0:217) - 抓fhy取得淹水警示資料
2023-11-17 15:24:40,525  INFO [182] (BkTask+<>c__DisplayClass12_0:243) - 複合淹水下次執行時間60000毫秒, 最新rain時間0001/1/1 上午 12:00:00
2023-11-17 15:25:40,530  INFO [151] (BkTask+<>c__DisplayClass12_0:217) - 抓fhy取得淹水警示資料
2023-11-17 15:25:40,639  INFO [151] (BkTask+<>c__DisplayClass12_0:243) - 複合淹水下次執行時間60000毫秒, 最新rain時間0001/1/1 上午 12:00:00
2023-11-17 15:26:40,665  INFO [126] (BkTask+<>c__DisplayClass12_0:217) - 抓fhy取得淹水警示資料
2023-11-17 15:26:40,951  INFO [126] (BkTask+<>c__DisplayClass12_0:243) - 複合淹水下次執行時間60000毫秒, 最新rain時間0001/1/1 上午 12:00:00
2023-11-17 15:27:40,965  INFO [126] (BkTask+<>c__DisplayClass12_0:217) - 抓fhy取得淹水警示資料
2023-11-17 15:27:41,115  INFO [126] (BkTask+<>c__DisplayClass12_0:243) - 複合淹水下次執行時間60000毫秒, 最新rain時間0001/1/1 上午 12:00:00
2023-11-17 15:28:41,117  INFO [126] (BkTask+<>c__DisplayClass12_0:217) - 抓fhy取得淹水警示資料
2023-11-17 15:28:41,217  INFO [126] (BkTask+<>c__DisplayClass12_0:243) - 複合淹水下次執行時間60000毫秒, 最新rain時間0001/1/1 上午 12:00:00
2023-11-17 15:28:48,016  INFO [126] (BkTask+<>c__DisplayClass11_0:151) - 啟動計算複合淹水
2023-11-17 15:28:52,403  INFO [126] (BkTask+<>c__DisplayClass11_0:179) - 複合淹水下次執行時間600598毫秒, 最新rain時間2023/11/17 下午 03:28:33
2023-11-17 15:29:41,226  INFO [124] (BkTask+<>c__DisplayClass12_0:217) - 抓fhy取得淹水警示資料
2023-11-17 15:29:41,363  INFO [124] (BkTask+<>c__DisplayClass12_0:243) - 複合淹水下次執行時間60000毫秒, 最新rain時間0001/1/1 上午 12:00:00
2023-11-17 15:30:41,377  INFO [142] (BkTask+<>c__DisplayClass12_0:217) - 抓fhy取得淹水警示資料
2023-11-17 15:30:41,490  INFO [142] (BkTask+<>c__DisplayClass12_0:243) - 複合淹水下次執行時間60000毫秒, 最新rain時間0001/1/1 上午 12:00:00
2023-11-17 15:31:41,493  INFO [142] (BkTask+<>c__DisplayClass12_0:217) - 抓fhy取得淹水警示資料
2023-11-17 15:31:41,607  INFO [142] (BkTask+<>c__DisplayClass12_0:243) - 複合淹水下次執行時間60000毫秒, 最新rain時間0001/1/1 上午 12:00:00
2023-11-17 15:32:41,609  INFO [121] (BkTask+<>c__DisplayClass12_0:217) - 抓fhy取得淹水警示資料
2023-11-17 15:32:41,755  INFO [121] (BkTask+<>c__DisplayClass12_0:243) - 複合淹水下次執行時間60000毫秒, 最新rain時間0001/1/1 上午 12:00:00
2023-11-17 15:33:41,765  INFO [121] (BkTask+<>c__DisplayClass12_0:217) - 抓fhy取得淹水警示資料
2023-11-17 15:33:41,869  INFO [121] (BkTask+<>c__DisplayClass12_0:243) - 複合淹水下次執行時間60000毫秒, 最新rain時間0001/1/1 上午 12:00:00
2023-11-17 15:34:41,880  INFO [121] (BkTask+<>c__DisplayClass12_0:217) - 抓fhy取得淹水警示資料
2023-11-17 15:34:43,810  INFO [121] (BkTask+<>c__DisplayClass12_0:243) - 複合淹水下次執行時間60000毫秒, 最新rain時間0001/1/1 上午 12:00:00
2023-11-17 15:35:43,817  INFO [192] (BkTask+<>c__DisplayClass12_0:217) - 抓fhy取得淹水警示資料
2023-11-17 15:35:43,933  INFO [192] (BkTask+<>c__DisplayClass12_0:243) - 複合淹水下次執行時間60000毫秒, 最新rain時間0001/1/1 上午 12:00:00
2023-11-17 15:36:43,937  INFO [192] (BkTask+<>c__DisplayClass12_0:217) - 抓fhy取得淹水警示資料
2023-11-17 15:36:44,036  INFO [192] (BkTask+<>c__DisplayClass12_0:243) - 複合淹水下次執行時間60000毫秒, 最新rain時間0001/1/1 上午 12:00:00
2023-11-17 15:37:44,048  INFO [31] (BkTask+<>c__DisplayClass12_0:217) - 抓fhy取得淹水警示資料
2023-11-17 15:37:44,142  INFO [31] (BkTask+<>c__DisplayClass12_0:243) - 複合淹水下次執行時間60000毫秒, 最新rain時間0001/1/1 上午 12:00:00
2023-11-17 15:38:44,150  INFO [54] (BkTask+<>c__DisplayClass12_0:217) - 抓fhy取得淹水警示資料
2023-11-17 15:38:44,247  INFO [54] (BkTask+<>c__DisplayClass12_0:243) - 複合淹水下次執行時間60000毫秒, 最新rain時間0001/1/1 上午 12:00:00
2023-11-17 15:38:53,012  INFO [192] (BkTask+<>c__DisplayClass11_0:151) - 啟動計算複合淹水
2023-11-17 15:38:58,439  INFO [192] (BkTask+<>c__DisplayClass11_0:179) - 複合淹水下次執行時間486564毫秒, 最新rain時間2023/11/17 下午 03:36:45
2023-11-17 15:39:44,262  INFO [73] (BkTask+<>c__DisplayClass12_0:217) - 抓fhy取得淹水警示資料
2023-11-17 15:39:44,360  INFO [73] (BkTask+<>c__DisplayClass12_0:243) - 複合淹水下次執行時間60000毫秒, 最新rain時間0001/1/1 上午 12:00:00
2023-11-17 15:40:44,376  INFO [12] (BkTask+<>c__DisplayClass12_0:217) - 抓fhy取得淹水警示資料
2023-11-17 15:40:44,494  INFO [12] (BkTask+<>c__DisplayClass12_0:243) - 複合淹水下次執行時間60000毫秒, 最新rain時間0001/1/1 上午 12:00:00
2023-11-17 15:41:44,499  INFO [192] (BkTask+<>c__DisplayClass12_0:217) - 抓fhy取得淹水警示資料
2023-11-17 15:41:44,617  INFO [192] (BkTask+<>c__DisplayClass12_0:243) - 複合淹水下次執行時間60000毫秒, 最新rain時間0001/1/1 上午 12:00:00
2023-11-17 15:42:44,628  INFO [12] (BkTask+<>c__DisplayClass12_0:217) - 抓fhy取得淹水警示資料
2023-11-17 15:42:44,731  INFO [12] (BkTask+<>c__DisplayClass12_0:243) - 複合淹水下次執行時間60000毫秒, 最新rain時間0001/1/1 上午 12:00:00
